[2025-10-20T04:45:40.421Z] [INFO] [PID:25448] 🔧 EMAIL SERVICE - Testing connection... | Data: {
  "host": "smtp.gmail.com",
  "port": "587",
  "user": "shipsarthisolutions@gmail.com",
  "timestamp": "2025-10-20T04:45:40.421Z"
}
[2025-10-20T04:45:40.435Z] [INFO] [PID:25448] 🚀 Server started | Data: {
  "port": "5000",
  "environment": "development",
  "healthCheck": "http://localhost:5000/api/health"
}
[2025-10-20T04:45:42.182Z] [INFO] [PID:25448] ✅ Connected to MongoDB
[2025-10-20T04:45:43.077Z] [INFO] [PID:25448] ✅ EMAIL SERVICE - Connection successful | Data: {
  "message": "Server is ready to take our messages",
  "host": "smtp.gmail.com",
  "timestamp": "2025-10-20T04:45:43.077Z"
}
[2025-10-20T18:36:50.577Z] [INFO] [PID:25448] 🛑 SIGINT received, shutting down gracefully
[2025-10-20T18:37:02.999Z] [INFO] [PID:14148] 🔧 EMAIL SERVICE - Testing connection... | Data: {
  "host": "smtp.gmail.com",
  "port": "587",
  "user": "shipsarthisolutions@gmail.com",
  "timestamp": "2025-10-20T18:37:02.999Z"
}
[2025-10-20T18:37:03.029Z] [INFO] [PID:14148] 🚀 Server started | Data: {
  "port": "5000",
  "environment": "development",
  "healthCheck": "http://localhost:5000/api/health"
}
[2025-10-20T18:37:04.204Z] [INFO] [PID:14148] ✅ Connected to MongoDB
[2025-10-20T18:37:05.727Z] [INFO] [PID:14148] ✅ EMAIL SERVICE - Connection successful | Data: {
  "message": "Server is ready to take our messages",
  "host": "smtp.gmail.com",
  "timestamp": "2025-10-20T18:37:05.727Z"
}
[2025-10-21T04:50:53.646Z] [INFO] [PID:14148] 🌐 CORS CHECK | Data: {
  "origin": "http://localhost:3000",
  "allowedOrigins": [
    "http://localhost:3000",
    "http://localhost:3001",
    "https://shipsarthi.vercel.app",
    "https://shipsarthi-git-main-udditworks-projects.vercel.app",
    "https://www.shipsarthi.com",
    "https://shipsarthi.com"
  ],
  "timestamp": "2025-10-21T04:50:53.646Z"
}
[2025-10-21T04:50:53.652Z] [INFO] [PID:14148] ✅ CORS ALLOWED | Data: {
  "origin": "http://localhost:3000"
}
[2025-10-21T04:50:53.670Z] [INFO] [PID:14148] 🌐 CORS CHECK | Data: {
  "origin": "http://localhost:3000",
  "allowedOrigins": [
    "http://localhost:3000",
    "http://localhost:3001",
    "https://shipsarthi.vercel.app",
    "https://shipsarthi-git-main-udditworks-projects.vercel.app",
    "https://www.shipsarthi.com",
    "https://shipsarthi.com"
  ],
  "timestamp": "2025-10-21T04:50:53.670Z"
}
[2025-10-21T04:50:53.672Z] [INFO] [PID:14148] ✅ CORS ALLOWED | Data: {
  "origin": "http://localhost:3000"
}
[2025-10-21T04:50:53.675Z] [INFO] [PID:14148] 🌐 INCOMING REQUEST | Data: {
  "requestId": "req_1761022253674_9ywqxhs0a",
  "timestamp": "2025-10-21T04:50:53.674Z",
  "method": "POST",
  "url": "/api/test-cors",
  "originalUrl": "/api/test-cors",
  "ip": "::1",
  "userAgent": "Mozilla/5.0 (Windows NT 10.0; Win64; x64) AppleWebKit/537.36 (KHTML, like Gecko) Chrome/141.0.0.0 Safari/537.36",
  "origin": "http://localhost:3000",
  "referer": "http://localhost:3000/",
  "contentType": "application/json",
  "headers": {
    "host": "localhost:5000",
    "connection": "keep-alive",
    "content-length": "28",
    "sec-ch-ua-platform": "\"Windows\"",
    "user-agent": "Mozilla/5.0 (Windows NT 10.0; Win64; x64) AppleWebKit/537.36 (KHTML, like Gecko) Chrome/141.0.0.0 Safari/537.36",
    "sec-ch-ua": "\"Google Chrome\";v=\"141\", \"Not?A_Brand\";v=\"8\", \"Chromium\";v=\"141\"",
    "content-type": "application/json",
    "sec-ch-ua-mobile": "?0",
    "accept": "*/*",
    "origin": "http://localhost:3000",
    "sec-fetch-site": "same-site",
    "sec-fetch-mode": "cors",
    "sec-fetch-dest": "empty",
    "referer": "http://localhost:3000/",
    "accept-encoding": "gzip, deflate, br, zstd",
    "accept-language": "en-US,en;q=0.9"
  },
  "query": {},
  "params": {}
}
[2025-10-21T04:50:53.745Z] [INFO] [PID:14148] 🧪 CORS TEST ENDPOINT HIT | Data: {
  "requestId": "req_1761022253674_9ywqxhs0a",
  "body": {
    "test": "cors-connectivity"
  },
  "headers": {
    "host": "localhost:5000",
    "connection": "keep-alive",
    "content-length": "28",
    "sec-ch-ua-platform": "\"Windows\"",
    "user-agent": "Mozilla/5.0 (Windows NT 10.0; Win64; x64) AppleWebKit/537.36 (KHTML, like Gecko) Chrome/141.0.0.0 Safari/537.36",
    "sec-ch-ua": "\"Google Chrome\";v=\"141\", \"Not?A_Brand\";v=\"8\", \"Chromium\";v=\"141\"",
    "content-type": "application/json",
    "sec-ch-ua-mobile": "?0",
    "accept": "*/*",
    "origin": "http://localhost:3000",
    "sec-fetch-site": "same-site",
    "sec-fetch-mode": "cors",
    "sec-fetch-dest": "empty",
    "referer": "http://localhost:3000/",
    "accept-encoding": "gzip, deflate, br, zstd",
    "accept-language": "en-US,en;q=0.9"
  },
  "timestamp": "2025-10-21T04:50:53.745Z"
}
[2025-10-21T04:50:53.772Z] [INFO] [PID:14148] 🌐 CORS CHECK | Data: {
  "origin": "http://localhost:3000",
  "allowedOrigins": [
    "http://localhost:3000",
    "http://localhost:3001",
    "https://shipsarthi.vercel.app",
    "https://shipsarthi-git-main-udditworks-projects.vercel.app",
    "https://www.shipsarthi.com",
    "https://shipsarthi.com"
  ],
  "timestamp": "2025-10-21T04:50:53.771Z"
}
[2025-10-21T04:50:53.773Z] [INFO] [PID:14148] ✅ CORS ALLOWED | Data: {
  "origin": "http://localhost:3000"
}
[2025-10-21T04:50:53.782Z] [INFO] [PID:14148] 🌐 CORS CHECK | Data: {
  "origin": "http://localhost:3000",
  "allowedOrigins": [
    "http://localhost:3000",
    "http://localhost:3001",
    "https://shipsarthi.vercel.app",
    "https://shipsarthi-git-main-udditworks-projects.vercel.app",
    "https://www.shipsarthi.com",
    "https://shipsarthi.com"
  ],
  "timestamp": "2025-10-21T04:50:53.782Z"
}
[2025-10-21T04:50:53.786Z] [INFO] [PID:14148] ✅ CORS ALLOWED | Data: {
  "origin": "http://localhost:3000"
}
[2025-10-21T04:50:53.788Z] [INFO] [PID:14148] 🌐 INCOMING REQUEST | Data: {
  "requestId": "req_1761022253788_aekrjnzl2",
  "timestamp": "2025-10-21T04:50:53.788Z",
  "method": "POST",
  "url": "/api/enquiry/submit",
  "originalUrl": "/api/enquiry/submit",
  "ip": "::1",
  "userAgent": "Mozilla/5.0 (Windows NT 10.0; Win64; x64) AppleWebKit/537.36 (KHTML, like Gecko) Chrome/141.0.0.0 Safari/537.36",
  "origin": "http://localhost:3000",
  "referer": "http://localhost:3000/",
  "contentType": "application/json",
  "headers": {
    "host": "localhost:5000",
    "connection": "keep-alive",
    "content-length": "124",
    "sec-ch-ua-platform": "\"Windows\"",
    "user-agent": "Mozilla/5.0 (Windows NT 10.0; Win64; x64) AppleWebKit/537.36 (KHTML, like Gecko) Chrome/141.0.0.0 Safari/537.36",
    "accept": "application/json, text/plain, */*",
    "sec-ch-ua": "\"Google Chrome\";v=\"141\", \"Not?A_Brand\";v=\"8\", \"Chromium\";v=\"141\"",
    "content-type": "application/json",
    "sec-ch-ua-mobile": "?0",
    "origin": "http://localhost:3000",
    "sec-fetch-site": "same-site",
    "sec-fetch-mode": "cors",
    "sec-fetch-dest": "empty",
    "referer": "http://localhost:3000/",
    "accept-encoding": "gzip, deflate, br, zstd",
    "accept-language": "en-US,en;q=0.9"
  },
  "query": {},
  "params": {}
}
[2025-10-21T04:50:53.820Z] [INFO] [PID:14148] 🚀 ENQUIRY FORM SUBMISSION STARTED | Data: {
  "requestId": "req_1761022253820_u31twatrj",
  "timestamp": "2025-10-21T04:50:53.820Z",
  "ip": "::1",
  "userAgent": "Mozilla/5.0 (Windows NT 10.0; Win64; x64) AppleWebKit/537.36 (KHTML, like Gecko) Chrome/141.0.0.0 Safari/537.36",
  "contentType": "application/json",
  "origin": "http://localhost:3000",
  "referer": "http://localhost:3000/",
  "body": {
    "name": "UDDIT UDDIT",
    "email": "udditalerts247@gmail.com",
    "mobile": "7456886877",
    "describe": "ecommerce",
    "monthlyLoad": "0-100"
  },
  "bodyKeys": [
    "name",
    "email",
    "mobile",
    "describe",
    "monthlyLoad"
  ],
  "bodyValues": [
    "UDDIT UDDIT",
    "udditalerts247@gmail.com",
    "7456886877",
    "ecommerce",
    "0-100"
  ]
}
[2025-10-21T04:50:53.822Z] [INFO] [PID:14148] ✅ VALIDATION PASSED - PROCESSING ENQUIRY | Data: {
  "requestId": "req_1761022253820_u31twatrj",
  "timestamp": "2025-10-21T04:50:53.822Z",
  "submittedData": {
    "name": "UDDIT UDDIT",
    "email": "udditalerts247@gmail.com",
    "mobile": "7456886877",
    "describe": "ecommerce",
    "monthlyLoad": "0-100"
  },
  "dataValidation": {
    "nameValid": true,
    "emailValid": true,
    "mobileValid": true,
    "describeValid": true,
    "monthlyLoadValid": true
  }
}
[2025-10-21T04:50:58.467Z] [INFO] [PID:14148] Enquiry confirmation email sent | Data: {
  "to": "udditalerts247@gmail.com",
  "name": "UDDIT UDDIT",
  "messageId": "<869dac8c-bd13-7f77-4641-aeb50ac9803a@gmail.com>"
}
[2025-10-21T04:51:00.226Z] [INFO] [PID:14148] Enquiry notification email sent to company | Data: {
  "from": "UDDIT UDDIT",
  "email": "udditalerts247@gmail.com",
  "messageId": "<9354c9fc-1aed-177c-38b5-7f4ce78e8884@gmail.com>"
}
[2025-10-21T04:51:00.228Z] [INFO] [PID:14148] Enquiry form processed successfully | Data: {
  "name": "UDDIT UDDIT",
  "email": "udditalerts247@gmail.com",
  "confirmationMessageId": "<869dac8c-bd13-7f77-4641-aeb50ac9803a@gmail.com>",
  "notificationMessageId": "<9354c9fc-1aed-177c-38b5-7f4ce78e8884@gmail.com>",
  "responseTime": "6408ms"
}
[2025-10-21T04:55:36.960Z] [INFO] [PID:14148] 🌐 CORS CHECK | Data: {
  "origin": "http://localhost:3000",
  "allowedOrigins": [
    "http://localhost:3000",
    "http://localhost:3001",
    "https://shipsarthi.vercel.app",
    "https://shipsarthi-git-main-udditworks-projects.vercel.app",
    "https://www.shipsarthi.com",
    "https://shipsarthi.com"
  ],
  "timestamp": "2025-10-21T04:55:36.960Z"
}
[2025-10-21T04:55:36.963Z] [INFO] [PID:14148] ✅ CORS ALLOWED | Data: {
  "origin": "http://localhost:3000"
}
[2025-10-21T04:55:36.974Z] [INFO] [PID:14148] 🌐 CORS CHECK | Data: {
  "origin": "http://localhost:3000",
  "allowedOrigins": [
    "http://localhost:3000",
    "http://localhost:3001",
    "https://shipsarthi.vercel.app",
    "https://shipsarthi-git-main-udditworks-projects.vercel.app",
    "https://www.shipsarthi.com",
    "https://shipsarthi.com"
  ],
  "timestamp": "2025-10-21T04:55:36.974Z"
}
[2025-10-21T04:55:36.976Z] [INFO] [PID:14148] ✅ CORS ALLOWED | Data: {
  "origin": "http://localhost:3000"
}
[2025-10-21T04:55:36.978Z] [INFO] [PID:14148] 🌐 INCOMING REQUEST | Data: {
  "requestId": "req_1761022536978_1k8xjcjko",
  "timestamp": "2025-10-21T04:55:36.978Z",
  "method": "POST",
  "url": "/api/auth/login",
  "originalUrl": "/api/auth/login",
  "ip": "::1",
  "userAgent": "Mozilla/5.0 (Windows NT 10.0; Win64; x64) AppleWebKit/537.36 (KHTML, like Gecko) Chrome/141.0.0.0 Safari/537.36",
  "origin": "http://localhost:3000",
  "referer": "http://localhost:3000/",
  "contentType": "application/json",
  "headers": {
    "host": "localhost:5000",
    "connection": "keep-alive",
    "content-length": "59",
    "sec-ch-ua-platform": "\"Windows\"",
    "user-agent": "Mozilla/5.0 (Windows NT 10.0; Win64; x64) AppleWebKit/537.36 (KHTML, like Gecko) Chrome/141.0.0.0 Safari/537.36",
    "accept": "application/json, text/plain, */*",
    "sec-ch-ua": "\"Google Chrome\";v=\"141\", \"Not?A_Brand\";v=\"8\", \"Chromium\";v=\"141\"",
    "content-type": "application/json",
    "sec-ch-ua-mobile": "?0",
    "origin": "http://localhost:3000",
    "sec-fetch-site": "same-site",
    "sec-fetch-mode": "cors",
    "sec-fetch-dest": "empty",
    "referer": "http://localhost:3000/",
    "accept-encoding": "gzip, deflate, br, zstd",
    "accept-language": "en-US,en;q=0.9"
  },
  "query": {},
  "params": {}
}
[2025-10-21T04:55:36.989Z] [INFO] [PID:14148] Login attempt started | Data: {
  "ip": "::1",
  "userAgent": "Mozilla/5.0 (Windows NT 10.0; Win64; x64) AppleWebKit/537.36 (KHTML, like Gecko) Chrome/141.0.0.0 Safari/537.36",
  "email": "udditalerts247@gmail.com"
}
[2025-10-21T04:55:36.991Z] [DEBUG] [PID:14148] Login credentials received | Data: {
  "email": "udditalerts247@gmail.com"
}
[2025-10-21T04:55:36.993Z] [DEBUG] [PID:14148] Searching for user | Data: {
  "email": "udditalerts247@gmail.com"
}
[2025-10-21T04:55:38.800Z] [DEBUG] [PID:14148] User found for login attempt | Data: {
  "userId": "68f3d3fe88beee992d6ee1f2",
  "email": "udditalerts247@gmail.com",
  "accountStatus": "pending_verification",
  "emailVerified": false,
  "phoneVerified": false
}
[2025-10-21T04:55:38.810Z] [DEBUG] [PID:14148] Verifying password | Data: {
  "userId": "68f3d3fe88beee992d6ee1f2"
}
[2025-10-21T04:55:39.470Z] [DEBUG] [PID:14148] Password verification completed | Data: {
  "userId": "68f3d3fe88beee992d6ee1f2",
  "isValid": false
}
[2025-10-21T04:55:39.479Z] [WARN] [PID:14148] Login failed - invalid password | Data: {
  "userId": "68f3d3fe88beee992d6ee1f2",
  "email": "udditalerts247@gmail.com",
  "loginAttempts": 1
}
[2025-10-21T04:55:52.305Z] [INFO] [PID:14148] 🌐 CORS CHECK | Data: {
  "origin": "http://localhost:3000",
  "allowedOrigins": [
    "http://localhost:3000",
    "http://localhost:3001",
    "https://shipsarthi.vercel.app",
    "https://shipsarthi-git-main-udditworks-projects.vercel.app",
    "https://www.shipsarthi.com",
    "https://shipsarthi.com"
  ],
  "timestamp": "2025-10-21T04:55:52.305Z"
}
[2025-10-21T04:55:52.306Z] [INFO] [PID:14148] ✅ CORS ALLOWED | Data: {
  "origin": "http://localhost:3000"
}
[2025-10-21T04:55:52.314Z] [INFO] [PID:14148] 🌐 CORS CHECK | Data: {
  "origin": "http://localhost:3000",
  "allowedOrigins": [
    "http://localhost:3000",
    "http://localhost:3001",
    "https://shipsarthi.vercel.app",
    "https://shipsarthi-git-main-udditworks-projects.vercel.app",
    "https://www.shipsarthi.com",
    "https://shipsarthi.com"
  ],
  "timestamp": "2025-10-21T04:55:52.314Z"
}
[2025-10-21T04:55:52.315Z] [INFO] [PID:14148] ✅ CORS ALLOWED | Data: {
  "origin": "http://localhost:3000"
}
[2025-10-21T04:55:52.317Z] [INFO] [PID:14148] 🌐 INCOMING REQUEST | Data: {
  "requestId": "req_1761022552317_e41ys7nqv",
  "timestamp": "2025-10-21T04:55:52.317Z",
  "method": "POST",
  "url": "/api/auth/login",
  "originalUrl": "/api/auth/login",
  "ip": "::1",
  "userAgent": "Mozilla/5.0 (Windows NT 10.0; Win64; x64) AppleWebKit/537.36 (KHTML, like Gecko) Chrome/141.0.0.0 Safari/537.36",
  "origin": "http://localhost:3000",
  "referer": "http://localhost:3000/",
  "contentType": "application/json",
  "headers": {
    "host": "localhost:5000",
    "connection": "keep-alive",
    "content-length": "58",
    "sec-ch-ua-platform": "\"Windows\"",
    "user-agent": "Mozilla/5.0 (Windows NT 10.0; Win64; x64) AppleWebKit/537.36 (KHTML, like Gecko) Chrome/141.0.0.0 Safari/537.36",
    "accept": "application/json, text/plain, */*",
    "sec-ch-ua": "\"Google Chrome\";v=\"141\", \"Not?A_Brand\";v=\"8\", \"Chromium\";v=\"141\"",
    "content-type": "application/json",
    "sec-ch-ua-mobile": "?0",
    "origin": "http://localhost:3000",
    "sec-fetch-site": "same-site",
    "sec-fetch-mode": "cors",
    "sec-fetch-dest": "empty",
    "referer": "http://localhost:3000/",
    "accept-encoding": "gzip, deflate, br, zstd",
    "accept-language": "en-US,en;q=0.9"
  },
  "query": {},
  "params": {}
}
[2025-10-21T04:55:52.321Z] [INFO] [PID:14148] Login attempt started | Data: {
  "ip": "::1",
  "userAgent": "Mozilla/5.0 (Windows NT 10.0; Win64; x64) AppleWebKit/537.36 (KHTML, like Gecko) Chrome/141.0.0.0 Safari/537.36",
  "email": "udditalerts247@gmail.com"
}
[2025-10-21T04:55:52.323Z] [DEBUG] [PID:14148] Login credentials received | Data: {
  "email": "udditalerts247@gmail.com"
}
[2025-10-21T04:55:52.324Z] [DEBUG] [PID:14148] Searching for user | Data: {
  "email": "udditalerts247@gmail.com"
}
[2025-10-21T04:55:52.439Z] [DEBUG] [PID:14148] User found for login attempt | Data: {
  "userId": "68f3d3fe88beee992d6ee1f2",
  "email": "udditalerts247@gmail.com",
  "accountStatus": "pending_verification",
  "emailVerified": false,
  "phoneVerified": false
}
[2025-10-21T04:55:52.440Z] [DEBUG] [PID:14148] Verifying password | Data: {
  "userId": "68f3d3fe88beee992d6ee1f2"
}
[2025-10-21T04:55:53.239Z] [DEBUG] [PID:14148] Password verification completed | Data: {
  "userId": "68f3d3fe88beee992d6ee1f2",
  "isValid": true
}
[2025-10-21T04:55:53.331Z] [INFO] [PID:14148] Password verified successfully | Data: {
  "userId": "68f3d3fe88beee992d6ee1f2",
  "loginAttemptsReset": true,
  "lastLogin": "2025-10-21T04:55:53.241Z"
}
[2025-10-21T04:55:53.340Z] [DEBUG] [PID:14148] JWT token generated | Data: {
  "userId": "68f3d3fe88beee992d6ee1f2",
  "tokenExpiry": "7d"
}
[2025-10-21T04:55:53.341Z] [INFO] [PID:14148] Login completed successfully | Data: {
  "userId": "68f3d3fe88beee992d6ee1f2",
  "email": "udditalerts247@gmail.com",
  "company_name": "MEGA MENU",
  "responseTime": "1020ms"
}
[2025-10-21T04:55:53.492Z] [INFO] [PID:14148] 🌐 CORS CHECK | Data: {
  "origin": "http://localhost:3000",
  "allowedOrigins": [
    "http://localhost:3000",
    "http://localhost:3001",
    "https://shipsarthi.vercel.app",
    "https://shipsarthi-git-main-udditworks-projects.vercel.app",
    "https://www.shipsarthi.com",
    "https://shipsarthi.com"
  ],
  "timestamp": "2025-10-21T04:55:53.492Z"
}
[2025-10-21T04:55:53.493Z] [INFO] [PID:14148] ✅ CORS ALLOWED | Data: {
  "origin": "http://localhost:3000"
}
[2025-10-21T04:55:53.502Z] [INFO] [PID:14148] 🌐 CORS CHECK | Data: {
  "origin": "http://localhost:3000",
  "allowedOrigins": [
    "http://localhost:3000",
    "http://localhost:3001",
    "https://shipsarthi.vercel.app",
    "https://shipsarthi-git-main-udditworks-projects.vercel.app",
    "https://www.shipsarthi.com",
    "https://shipsarthi.com"
  ],
  "timestamp": "2025-10-21T04:55:53.502Z"
}
[2025-10-21T04:55:53.503Z] [INFO] [PID:14148] ✅ CORS ALLOWED | Data: {
  "origin": "http://localhost:3000"
}
[2025-10-21T04:55:53.508Z] [INFO] [PID:14148] 🌐 CORS CHECK | Data: {
  "origin": "http://localhost:3000",
  "allowedOrigins": [
    "http://localhost:3000",
    "http://localhost:3001",
    "https://shipsarthi.vercel.app",
    "https://shipsarthi-git-main-udditworks-projects.vercel.app",
    "https://www.shipsarthi.com",
    "https://shipsarthi.com"
  ],
  "timestamp": "2025-10-21T04:55:53.508Z"
}
[2025-10-21T04:55:53.509Z] [INFO] [PID:14148] ✅ CORS ALLOWED | Data: {
  "origin": "http://localhost:3000"
}
[2025-10-21T04:55:53.512Z] [INFO] [PID:14148] 🌐 CORS CHECK | Data: {
  "origin": "http://localhost:3000",
  "allowedOrigins": [
    "http://localhost:3000",
    "http://localhost:3001",
    "https://shipsarthi.vercel.app",
    "https://shipsarthi-git-main-udditworks-projects.vercel.app",
    "https://www.shipsarthi.com",
    "https://shipsarthi.com"
  ],
  "timestamp": "2025-10-21T04:55:53.512Z"
}
[2025-10-21T04:55:53.514Z] [INFO] [PID:14148] ✅ CORS ALLOWED | Data: {
  "origin": "http://localhost:3000"
}
[2025-10-21T04:55:53.519Z] [INFO] [PID:14148] 🌐 CORS CHECK | Data: {
  "origin": "http://localhost:3000",
  "allowedOrigins": [
    "http://localhost:3000",
    "http://localhost:3001",
    "https://shipsarthi.vercel.app",
    "https://shipsarthi-git-main-udditworks-projects.vercel.app",
    "https://www.shipsarthi.com",
    "https://shipsarthi.com"
  ],
  "timestamp": "2025-10-21T04:55:53.519Z"
}
[2025-10-21T04:55:53.520Z] [INFO] [PID:14148] ✅ CORS ALLOWED | Data: {
  "origin": "http://localhost:3000"
}
[2025-10-21T04:55:53.522Z] [INFO] [PID:14148] 🌐 INCOMING REQUEST | Data: {
  "requestId": "req_1761022553522_ql021gpvo",
  "timestamp": "2025-10-21T04:55:53.522Z",
  "method": "GET",
  "url": "/api/users/profile",
  "originalUrl": "/api/users/profile",
  "ip": "::1",
  "userAgent": "Mozilla/5.0 (Windows NT 10.0; Win64; x64) AppleWebKit/537.36 (KHTML, like Gecko) Chrome/141.0.0.0 Safari/537.36",
  "origin": "http://localhost:3000",
  "referer": "http://localhost:3000/",
  "headers": {
    "host": "localhost:5000",
    "connection": "keep-alive",
    "sec-ch-ua-platform": "\"Windows\"",
    "authorization": "Bearer eyJhbGciOiJIUzI1NiIsInR5cCI6IkpXVCJ9.eyJpZCI6IjY4ZjNkM2ZlODhiZWVlOTkyZDZlZTFmMiIsImlhdCI6MTc2MTAyMjU1MywiZXhwIjoxNzYxNjI3MzUzfQ.J4yTgoXG_8fTUKz-64GSG5vD_7Aydc3R-2FoFZYh6TA",
    "user-agent": "Mozilla/5.0 (Windows NT 10.0; Win64; x64) AppleWebKit/537.36 (KHTML, like Gecko) Chrome/141.0.0.0 Safari/537.36",
    "accept": "application/json, text/plain, */*",
    "sec-ch-ua": "\"Google Chrome\";v=\"141\", \"Not?A_Brand\";v=\"8\", \"Chromium\";v=\"141\"",
    "sec-ch-ua-mobile": "?0",
    "origin": "http://localhost:3000",
    "sec-fetch-site": "same-site",
    "sec-fetch-mode": "cors",
    "sec-fetch-dest": "empty",
    "referer": "http://localhost:3000/",
    "accept-encoding": "gzip, deflate, br, zstd",
    "accept-language": "en-US,en;q=0.9"
  },
  "query": {},
  "params": {}
}
[2025-10-21T04:55:53.531Z] [INFO] [PID:14148] 🌐 CORS CHECK | Data: {
  "origin": "http://localhost:3000",
  "allowedOrigins": [
    "http://localhost:3000",
    "http://localhost:3001",
    "https://shipsarthi.vercel.app",
    "https://shipsarthi-git-main-udditworks-projects.vercel.app",
    "https://www.shipsarthi.com",
    "https://shipsarthi.com"
  ],
  "timestamp": "2025-10-21T04:55:53.531Z"
}
[2025-10-21T04:55:53.532Z] [INFO] [PID:14148] ✅ CORS ALLOWED | Data: {
  "origin": "http://localhost:3000"
}
[2025-10-21T04:55:53.534Z] [INFO] [PID:14148] 🌐 INCOMING REQUEST | Data: {
  "requestId": "req_1761022553533_lv76x9hcu",
  "timestamp": "2025-10-21T04:55:53.534Z",
  "method": "GET",
  "url": "/api/dashboard",
  "originalUrl": "/api/dashboard",
  "ip": "::1",
  "userAgent": "Mozilla/5.0 (Windows NT 10.0; Win64; x64) AppleWebKit/537.36 (KHTML, like Gecko) Chrome/141.0.0.0 Safari/537.36",
  "origin": "http://localhost:3000",
  "referer": "http://localhost:3000/",
  "headers": {
    "host": "localhost:5000",
    "connection": "keep-alive",
    "sec-ch-ua-platform": "\"Windows\"",
    "authorization": "Bearer eyJhbGciOiJIUzI1NiIsInR5cCI6IkpXVCJ9.eyJpZCI6IjY4ZjNkM2ZlODhiZWVlOTkyZDZlZTFmMiIsImlhdCI6MTc2MTAyMjU1MywiZXhwIjoxNzYxNjI3MzUzfQ.J4yTgoXG_8fTUKz-64GSG5vD_7Aydc3R-2FoFZYh6TA",
    "user-agent": "Mozilla/5.0 (Windows NT 10.0; Win64; x64) AppleWebKit/537.36 (KHTML, like Gecko) Chrome/141.0.0.0 Safari/537.36",
    "accept": "application/json, text/plain, */*",
    "sec-ch-ua": "\"Google Chrome\";v=\"141\", \"Not?A_Brand\";v=\"8\", \"Chromium\";v=\"141\"",
    "sec-ch-ua-mobile": "?0",
    "origin": "http://localhost:3000",
    "sec-fetch-site": "same-site",
    "sec-fetch-mode": "cors",
    "sec-fetch-dest": "empty",
    "referer": "http://localhost:3000/",
    "accept-encoding": "gzip, deflate, br, zstd",
    "accept-language": "en-US,en;q=0.9"
  },
  "query": {},
  "params": {}
}
[2025-10-21T04:55:53.537Z] [WARN] [PID:14148] 404 - Route not found | Data: {
  "url": "/api/dashboard",
  "method": "GET",
  "ip": "::1",
  "userAgent": "Mozilla/5.0 (Windows NT 10.0; Win64; x64) AppleWebKit/537.36 (KHTML, like Gecko) Chrome/141.0.0.0 Safari/537.36"
}
[2025-10-21T04:55:53.542Z] [INFO] [PID:14148] 🌐 CORS CHECK | Data: {
  "origin": "http://localhost:3000",
  "allowedOrigins": [
    "http://localhost:3000",
    "http://localhost:3001",
    "https://shipsarthi.vercel.app",
    "https://shipsarthi-git-main-udditworks-projects.vercel.app",
    "https://www.shipsarthi.com",
    "https://shipsarthi.com"
  ],
  "timestamp": "2025-10-21T04:55:53.542Z"
}
[2025-10-21T04:55:53.544Z] [INFO] [PID:14148] ✅ CORS ALLOWED | Data: {
  "origin": "http://localhost:3000"
}
[2025-10-21T04:55:53.545Z] [INFO] [PID:14148] 🌐 INCOMING REQUEST | Data: {
  "requestId": "req_1761022553545_fzevke84p",
  "timestamp": "2025-10-21T04:55:53.545Z",
  "method": "GET",
  "url": "/api/dashboard",
  "originalUrl": "/api/dashboard",
  "ip": "::1",
  "userAgent": "Mozilla/5.0 (Windows NT 10.0; Win64; x64) AppleWebKit/537.36 (KHTML, like Gecko) Chrome/141.0.0.0 Safari/537.36",
  "origin": "http://localhost:3000",
  "referer": "http://localhost:3000/",
  "headers": {
    "host": "localhost:5000",
    "connection": "keep-alive",
    "sec-ch-ua-platform": "\"Windows\"",
    "authorization": "Bearer eyJhbGciOiJIUzI1NiIsInR5cCI6IkpXVCJ9.eyJpZCI6IjY4ZjNkM2ZlODhiZWVlOTkyZDZlZTFmMiIsImlhdCI6MTc2MTAyMjU1MywiZXhwIjoxNzYxNjI3MzUzfQ.J4yTgoXG_8fTUKz-64GSG5vD_7Aydc3R-2FoFZYh6TA",
    "user-agent": "Mozilla/5.0 (Windows NT 10.0; Win64; x64) AppleWebKit/537.36 (KHTML, like Gecko) Chrome/141.0.0.0 Safari/537.36",
    "accept": "application/json, text/plain, */*",
    "sec-ch-ua": "\"Google Chrome\";v=\"141\", \"Not?A_Brand\";v=\"8\", \"Chromium\";v=\"141\"",
    "sec-ch-ua-mobile": "?0",
    "origin": "http://localhost:3000",
    "sec-fetch-site": "same-site",
    "sec-fetch-mode": "cors",
    "sec-fetch-dest": "empty",
    "referer": "http://localhost:3000/",
    "accept-encoding": "gzip, deflate, br, zstd",
    "accept-language": "en-US,en;q=0.9"
  },
  "query": {},
  "params": {}
}
[2025-10-21T04:55:53.547Z] [WARN] [PID:14148] 404 - Route not found | Data: {
  "url": "/api/dashboard",
  "method": "GET",
  "ip": "::1",
  "userAgent": "Mozilla/5.0 (Windows NT 10.0; Win64; x64) AppleWebKit/537.36 (KHTML, like Gecko) Chrome/141.0.0.0 Safari/537.36"
}
[2025-10-21T04:55:53.726Z] [INFO] [PID:14148] 🌐 CORS CHECK | Data: {
  "origin": "http://localhost:3000",
  "allowedOrigins": [
    "http://localhost:3000",
    "http://localhost:3001",
    "https://shipsarthi.vercel.app",
    "https://shipsarthi-git-main-udditworks-projects.vercel.app",
    "https://www.shipsarthi.com",
    "https://shipsarthi.com"
  ],
  "timestamp": "2025-10-21T04:55:53.726Z"
}
[2025-10-21T04:55:53.727Z] [INFO] [PID:14148] ✅ CORS ALLOWED | Data: {
  "origin": "http://localhost:3000"
}
[2025-10-21T04:55:53.729Z] [INFO] [PID:14148] 🌐 INCOMING REQUEST | Data: {
  "requestId": "req_1761022553728_zzoxytzz6",
  "timestamp": "2025-10-21T04:55:53.728Z",
  "method": "GET",
  "url": "/api/users/profile",
  "originalUrl": "/api/users/profile",
  "ip": "::1",
  "userAgent": "Mozilla/5.0 (Windows NT 10.0; Win64; x64) AppleWebKit/537.36 (KHTML, like Gecko) Chrome/141.0.0.0 Safari/537.36",
  "origin": "http://localhost:3000",
  "referer": "http://localhost:3000/",
  "headers": {
    "host": "localhost:5000",
    "connection": "keep-alive",
    "sec-ch-ua-platform": "\"Windows\"",
    "authorization": "Bearer eyJhbGciOiJIUzI1NiIsInR5cCI6IkpXVCJ9.eyJpZCI6IjY4ZjNkM2ZlODhiZWVlOTkyZDZlZTFmMiIsImlhdCI6MTc2MTAyMjU1MywiZXhwIjoxNzYxNjI3MzUzfQ.J4yTgoXG_8fTUKz-64GSG5vD_7Aydc3R-2FoFZYh6TA",
    "user-agent": "Mozilla/5.0 (Windows NT 10.0; Win64; x64) AppleWebKit/537.36 (KHTML, like Gecko) Chrome/141.0.0.0 Safari/537.36",
    "accept": "application/json, text/plain, */*",
    "sec-ch-ua": "\"Google Chrome\";v=\"141\", \"Not?A_Brand\";v=\"8\", \"Chromium\";v=\"141\"",
    "sec-ch-ua-mobile": "?0",
    "origin": "http://localhost:3000",
    "sec-fetch-site": "same-site",
    "sec-fetch-mode": "cors",
    "sec-fetch-dest": "empty",
    "referer": "http://localhost:3000/",
    "accept-encoding": "gzip, deflate, br, zstd",
    "accept-language": "en-US,en;q=0.9",
    "if-none-match": "W/\"1bd-MkKOdWQ7LzxTNDs5BJuhb9t+FuY\""
  },
  "query": {},
  "params": {}
}
[2025-10-21T04:56:12.263Z] [INFO] [PID:14148] 🌐 CORS CHECK | Data: {
  "origin": "http://localhost:3000",
  "allowedOrigins": [
    "http://localhost:3000",
    "http://localhost:3001",
    "https://shipsarthi.vercel.app",
    "https://shipsarthi-git-main-udditworks-projects.vercel.app",
    "https://www.shipsarthi.com",
    "https://shipsarthi.com"
  ],
  "timestamp": "2025-10-21T04:56:12.263Z"
}
[2025-10-21T04:56:12.265Z] [INFO] [PID:14148] ✅ CORS ALLOWED | Data: {
  "origin": "http://localhost:3000"
}
[2025-10-21T04:56:12.275Z] [INFO] [PID:14148] 🌐 CORS CHECK | Data: {
  "origin": "http://localhost:3000",
  "allowedOrigins": [
    "http://localhost:3000",
    "http://localhost:3001",
    "https://shipsarthi.vercel.app",
    "https://shipsarthi-git-main-udditworks-projects.vercel.app",
    "https://www.shipsarthi.com",
    "https://shipsarthi.com"
  ],
  "timestamp": "2025-10-21T04:56:12.275Z"
}
[2025-10-21T04:56:12.276Z] [INFO] [PID:14148] ✅ CORS ALLOWED | Data: {
  "origin": "http://localhost:3000"
}
[2025-10-21T04:56:12.284Z] [INFO] [PID:14148] 🌐 CORS CHECK | Data: {
  "origin": "http://localhost:3000",
  "allowedOrigins": [
    "http://localhost:3000",
    "http://localhost:3001",
    "https://shipsarthi.vercel.app",
    "https://shipsarthi-git-main-udditworks-projects.vercel.app",
    "https://www.shipsarthi.com",
    "https://shipsarthi.com"
  ],
  "timestamp": "2025-10-21T04:56:12.284Z"
}
[2025-10-21T04:56:12.286Z] [INFO] [PID:14148] ✅ CORS ALLOWED | Data: {
  "origin": "http://localhost:3000"
}
[2025-10-21T04:56:12.289Z] [INFO] [PID:14148] 🌐 INCOMING REQUEST | Data: {
  "requestId": "req_1761022572289_vl8d7m95i",
  "timestamp": "2025-10-21T04:56:12.289Z",
  "method": "GET",
  "url": "/api/users/profile",
  "originalUrl": "/api/users/profile",
  "ip": "::1",
  "userAgent": "Mozilla/5.0 (Windows NT 10.0; Win64; x64) AppleWebKit/537.36 (KHTML, like Gecko) Chrome/141.0.0.0 Safari/537.36",
  "origin": "http://localhost:3000",
  "referer": "http://localhost:3000/",
  "headers": {
    "host": "localhost:5000",
    "connection": "keep-alive",
    "sec-ch-ua-platform": "\"Windows\"",
    "authorization": "Bearer eyJhbGciOiJIUzI1NiIsInR5cCI6IkpXVCJ9.eyJpZCI6IjY4ZjNkM2ZlODhiZWVlOTkyZDZlZTFmMiIsImlhdCI6MTc2MTAyMjU1MywiZXhwIjoxNzYxNjI3MzUzfQ.J4yTgoXG_8fTUKz-64GSG5vD_7Aydc3R-2FoFZYh6TA",
    "user-agent": "Mozilla/5.0 (Windows NT 10.0; Win64; x64) AppleWebKit/537.36 (KHTML, like Gecko) Chrome/141.0.0.0 Safari/537.36",
    "accept": "application/json, text/plain, */*",
    "sec-ch-ua": "\"Google Chrome\";v=\"141\", \"Not?A_Brand\";v=\"8\", \"Chromium\";v=\"141\"",
    "sec-ch-ua-mobile": "?0",
    "origin": "http://localhost:3000",
    "sec-fetch-site": "same-site",
    "sec-fetch-mode": "cors",
    "sec-fetch-dest": "empty",
    "referer": "http://localhost:3000/",
    "accept-encoding": "gzip, deflate, br, zstd",
    "accept-language": "en-US,en;q=0.9",
    "if-none-match": "W/\"1bd-MkKOdWQ7LzxTNDs5BJuhb9t+FuY\""
  },
  "query": {},
  "params": {}
}
[2025-10-21T04:56:12.527Z] [INFO] [PID:14148] 🌐 CORS CHECK | Data: {
  "origin": "http://localhost:3000",
  "allowedOrigins": [
    "http://localhost:3000",
    "http://localhost:3001",
    "https://shipsarthi.vercel.app",
    "https://shipsarthi-git-main-udditworks-projects.vercel.app",
    "https://www.shipsarthi.com",
    "https://shipsarthi.com"
  ],
  "timestamp": "2025-10-21T04:56:12.527Z"
}
[2025-10-21T04:56:12.530Z] [INFO] [PID:14148] ✅ CORS ALLOWED | Data: {
  "origin": "http://localhost:3000"
}
[2025-10-21T04:56:12.533Z] [INFO] [PID:14148] 🌐 INCOMING REQUEST | Data: {
  "requestId": "req_1761022572532_8n5y2d2x1",
  "timestamp": "2025-10-21T04:56:12.532Z",
  "method": "GET",
  "url": "/api/users/profile",
  "originalUrl": "/api/users/profile",
  "ip": "::1",
  "userAgent": "Mozilla/5.0 (Windows NT 10.0; Win64; x64) AppleWebKit/537.36 (KHTML, like Gecko) Chrome/141.0.0.0 Safari/537.36",
  "origin": "http://localhost:3000",
  "referer": "http://localhost:3000/",
  "headers": {
    "host": "localhost:5000",
    "connection": "keep-alive",
    "sec-ch-ua-platform": "\"Windows\"",
    "authorization": "Bearer eyJhbGciOiJIUzI1NiIsInR5cCI6IkpXVCJ9.eyJpZCI6IjY4ZjNkM2ZlODhiZWVlOTkyZDZlZTFmMiIsImlhdCI6MTc2MTAyMjU1MywiZXhwIjoxNzYxNjI3MzUzfQ.J4yTgoXG_8fTUKz-64GSG5vD_7Aydc3R-2FoFZYh6TA",
    "user-agent": "Mozilla/5.0 (Windows NT 10.0; Win64; x64) AppleWebKit/537.36 (KHTML, like Gecko) Chrome/141.0.0.0 Safari/537.36",
    "accept": "application/json, text/plain, */*",
    "sec-ch-ua": "\"Google Chrome\";v=\"141\", \"Not?A_Brand\";v=\"8\", \"Chromium\";v=\"141\"",
    "sec-ch-ua-mobile": "?0",
    "origin": "http://localhost:3000",
    "sec-fetch-site": "same-site",
    "sec-fetch-mode": "cors",
    "sec-fetch-dest": "empty",
    "referer": "http://localhost:3000/",
    "accept-encoding": "gzip, deflate, br, zstd",
    "accept-language": "en-US,en;q=0.9",
    "if-none-match": "W/\"1bd-MkKOdWQ7LzxTNDs5BJuhb9t+FuY\""
  },
  "query": {},
  "params": {}
}
[2025-10-21T05:07:18.447Z] [INFO] [PID:14148] 🌐 CORS CHECK | Data: {
  "origin": "http://localhost:3000",
  "allowedOrigins": [
    "http://localhost:3000",
    "http://localhost:3001",
    "https://shipsarthi.vercel.app",
    "https://shipsarthi-git-main-udditworks-projects.vercel.app",
    "https://www.shipsarthi.com",
    "https://shipsarthi.com"
  ],
  "timestamp": "2025-10-21T05:07:18.447Z"
}
[2025-10-21T05:07:18.449Z] [INFO] [PID:14148] ✅ CORS ALLOWED | Data: {
  "origin": "http://localhost:3000"
}
[2025-10-21T05:07:18.457Z] [INFO] [PID:14148] 🌐 CORS CHECK | Data: {
  "origin": "http://localhost:3000",
  "allowedOrigins": [
    "http://localhost:3000",
    "http://localhost:3001",
    "https://shipsarthi.vercel.app",
    "https://shipsarthi-git-main-udditworks-projects.vercel.app",
    "https://www.shipsarthi.com",
    "https://shipsarthi.com"
  ],
  "timestamp": "2025-10-21T05:07:18.457Z"
}
[2025-10-21T05:07:18.458Z] [INFO] [PID:14148] ✅ CORS ALLOWED | Data: {
  "origin": "http://localhost:3000"
}
[2025-10-21T05:07:18.463Z] [INFO] [PID:14148] 🌐 CORS CHECK | Data: {
  "origin": "http://localhost:3000",
  "allowedOrigins": [
    "http://localhost:3000",
    "http://localhost:3001",
    "https://shipsarthi.vercel.app",
    "https://shipsarthi-git-main-udditworks-projects.vercel.app",
    "https://www.shipsarthi.com",
    "https://shipsarthi.com"
  ],
  "timestamp": "2025-10-21T05:07:18.463Z"
}
[2025-10-21T05:07:18.464Z] [INFO] [PID:14148] ✅ CORS ALLOWED | Data: {
  "origin": "http://localhost:3000"
}
[2025-10-21T05:07:18.466Z] [INFO] [PID:14148] 🌐 INCOMING REQUEST | Data: {
  "requestId": "req_1761023238465_tgi9l0g4h",
  "timestamp": "2025-10-21T05:07:18.466Z",
  "method": "GET",
  "url": "/api/users/profile",
  "originalUrl": "/api/users/profile",
  "ip": "::1",
  "userAgent": "Mozilla/5.0 (Windows NT 10.0; Win64; x64) AppleWebKit/537.36 (KHTML, like Gecko) Chrome/141.0.0.0 Safari/537.36",
  "origin": "http://localhost:3000",
  "referer": "http://localhost:3000/",
  "headers": {
    "host": "localhost:5000",
    "connection": "keep-alive",
    "sec-ch-ua-platform": "\"Windows\"",
    "authorization": "Bearer eyJhbGciOiJIUzI1NiIsInR5cCI6IkpXVCJ9.eyJpZCI6IjY4ZjNkM2ZlODhiZWVlOTkyZDZlZTFmMiIsImlhdCI6MTc2MTAyMjU1MywiZXhwIjoxNzYxNjI3MzUzfQ.J4yTgoXG_8fTUKz-64GSG5vD_7Aydc3R-2FoFZYh6TA",
    "user-agent": "Mozilla/5.0 (Windows NT 10.0; Win64; x64) AppleWebKit/537.36 (KHTML, like Gecko) Chrome/141.0.0.0 Safari/537.36",
    "accept": "application/json, text/plain, */*",
    "sec-ch-ua": "\"Google Chrome\";v=\"141\", \"Not?A_Brand\";v=\"8\", \"Chromium\";v=\"141\"",
    "sec-ch-ua-mobile": "?0",
    "origin": "http://localhost:3000",
    "sec-fetch-site": "same-site",
    "sec-fetch-mode": "cors",
    "sec-fetch-dest": "empty",
    "referer": "http://localhost:3000/",
    "accept-encoding": "gzip, deflate, br, zstd",
    "accept-language": "en-US,en;q=0.9",
    "if-none-match": "W/\"1bd-MkKOdWQ7LzxTNDs5BJuhb9t+FuY\""
  },
  "query": {},
  "params": {}
}
[2025-10-21T05:07:18.685Z] [INFO] [PID:14148] 🌐 CORS CHECK | Data: {
  "origin": "http://localhost:3000",
  "allowedOrigins": [
    "http://localhost:3000",
    "http://localhost:3001",
    "https://shipsarthi.vercel.app",
    "https://shipsarthi-git-main-udditworks-projects.vercel.app",
    "https://www.shipsarthi.com",
    "https://shipsarthi.com"
  ],
  "timestamp": "2025-10-21T05:07:18.685Z"
}
[2025-10-21T05:07:18.689Z] [INFO] [PID:14148] ✅ CORS ALLOWED | Data: {
  "origin": "http://localhost:3000"
}
[2025-10-21T05:07:18.692Z] [INFO] [PID:14148] 🌐 INCOMING REQUEST | Data: {
  "requestId": "req_1761023238691_msavx4og2",
  "timestamp": "2025-10-21T05:07:18.692Z",
  "method": "GET",
  "url": "/api/users/profile",
  "originalUrl": "/api/users/profile",
  "ip": "::1",
  "userAgent": "Mozilla/5.0 (Windows NT 10.0; Win64; x64) AppleWebKit/537.36 (KHTML, like Gecko) Chrome/141.0.0.0 Safari/537.36",
  "origin": "http://localhost:3000",
  "referer": "http://localhost:3000/",
  "headers": {
    "host": "localhost:5000",
    "connection": "keep-alive",
    "sec-ch-ua-platform": "\"Windows\"",
    "authorization": "Bearer eyJhbGciOiJIUzI1NiIsInR5cCI6IkpXVCJ9.eyJpZCI6IjY4ZjNkM2ZlODhiZWVlOTkyZDZlZTFmMiIsImlhdCI6MTc2MTAyMjU1MywiZXhwIjoxNzYxNjI3MzUzfQ.J4yTgoXG_8fTUKz-64GSG5vD_7Aydc3R-2FoFZYh6TA",
    "user-agent": "Mozilla/5.0 (Windows NT 10.0; Win64; x64) AppleWebKit/537.36 (KHTML, like Gecko) Chrome/141.0.0.0 Safari/537.36",
    "accept": "application/json, text/plain, */*",
    "sec-ch-ua": "\"Google Chrome\";v=\"141\", \"Not?A_Brand\";v=\"8\", \"Chromium\";v=\"141\"",
    "sec-ch-ua-mobile": "?0",
    "origin": "http://localhost:3000",
    "sec-fetch-site": "same-site",
    "sec-fetch-mode": "cors",
    "sec-fetch-dest": "empty",
    "referer": "http://localhost:3000/",
    "accept-encoding": "gzip, deflate, br, zstd",
    "accept-language": "en-US,en;q=0.9",
    "if-none-match": "W/\"1bd-MkKOdWQ7LzxTNDs5BJuhb9t+FuY\""
  },
  "query": {},
  "params": {}
}
[2025-10-21T05:15:50.463Z] [INFO] [PID:14148] 🌐 CORS CHECK | Data: {
  "origin": "http://localhost:3000",
  "allowedOrigins": [
    "http://localhost:3000",
    "http://localhost:3001",
    "https://shipsarthi.vercel.app",
    "https://shipsarthi-git-main-udditworks-projects.vercel.app",
    "https://www.shipsarthi.com",
    "https://shipsarthi.com"
  ],
  "timestamp": "2025-10-21T05:15:50.463Z"
}
[2025-10-21T05:15:50.469Z] [INFO] [PID:14148] ✅ CORS ALLOWED | Data: {
  "origin": "http://localhost:3000"
}
[2025-10-21T05:15:50.483Z] [INFO] [PID:14148] 🌐 CORS CHECK | Data: {
  "origin": "http://localhost:3000",
  "allowedOrigins": [
    "http://localhost:3000",
    "http://localhost:3001",
    "https://shipsarthi.vercel.app",
    "https://shipsarthi-git-main-udditworks-projects.vercel.app",
    "https://www.shipsarthi.com",
    "https://shipsarthi.com"
  ],
  "timestamp": "2025-10-21T05:15:50.482Z"
}
[2025-10-21T05:15:50.484Z] [INFO] [PID:14148] ✅ CORS ALLOWED | Data: {
  "origin": "http://localhost:3000"
}
[2025-10-21T05:15:50.488Z] [INFO] [PID:14148] 🌐 CORS CHECK | Data: {
  "origin": "http://localhost:3000",
  "allowedOrigins": [
    "http://localhost:3000",
    "http://localhost:3001",
    "https://shipsarthi.vercel.app",
    "https://shipsarthi-git-main-udditworks-projects.vercel.app",
    "https://www.shipsarthi.com",
    "https://shipsarthi.com"
  ],
  "timestamp": "2025-10-21T05:15:50.488Z"
}
[2025-10-21T05:15:50.490Z] [INFO] [PID:14148] ✅ CORS ALLOWED | Data: {
  "origin": "http://localhost:3000"
}
[2025-10-21T05:15:50.491Z] [INFO] [PID:14148] 🌐 INCOMING REQUEST | Data: {
  "requestId": "req_1761023750491_psc1ixx96",
  "timestamp": "2025-10-21T05:15:50.491Z",
  "method": "GET",
  "url": "/api/users/profile",
  "originalUrl": "/api/users/profile",
  "ip": "::1",
  "userAgent": "Mozilla/5.0 (Windows NT 10.0; Win64; x64) AppleWebKit/537.36 (KHTML, like Gecko) Chrome/141.0.0.0 Safari/537.36",
  "origin": "http://localhost:3000",
  "referer": "http://localhost:3000/",
  "headers": {
    "host": "localhost:5000",
    "connection": "keep-alive",
    "sec-ch-ua-platform": "\"Windows\"",
    "authorization": "Bearer eyJhbGciOiJIUzI1NiIsInR5cCI6IkpXVCJ9.eyJpZCI6IjY4ZjNkM2ZlODhiZWVlOTkyZDZlZTFmMiIsImlhdCI6MTc2MTAyMjU1MywiZXhwIjoxNzYxNjI3MzUzfQ.J4yTgoXG_8fTUKz-64GSG5vD_7Aydc3R-2FoFZYh6TA",
    "user-agent": "Mozilla/5.0 (Windows NT 10.0; Win64; x64) AppleWebKit/537.36 (KHTML, like Gecko) Chrome/141.0.0.0 Safari/537.36",
    "accept": "application/json, text/plain, */*",
    "sec-ch-ua": "\"Google Chrome\";v=\"141\", \"Not?A_Brand\";v=\"8\", \"Chromium\";v=\"141\"",
    "sec-ch-ua-mobile": "?0",
    "origin": "http://localhost:3000",
    "sec-fetch-site": "same-site",
    "sec-fetch-mode": "cors",
    "sec-fetch-dest": "empty",
    "referer": "http://localhost:3000/",
    "accept-encoding": "gzip, deflate, br, zstd",
    "accept-language": "en-US,en;q=0.9",
    "if-none-match": "W/\"1bd-MkKOdWQ7LzxTNDs5BJuhb9t+FuY\""
  },
  "query": {},
  "params": {}
}
[2025-10-21T05:15:50.734Z] [INFO] [PID:14148] 🌐 CORS CHECK | Data: {
  "origin": "http://localhost:3000",
  "allowedOrigins": [
    "http://localhost:3000",
    "http://localhost:3001",
    "https://shipsarthi.vercel.app",
    "https://shipsarthi-git-main-udditworks-projects.vercel.app",
    "https://www.shipsarthi.com",
    "https://shipsarthi.com"
  ],
  "timestamp": "2025-10-21T05:15:50.734Z"
}
[2025-10-21T05:15:50.735Z] [INFO] [PID:14148] ✅ CORS ALLOWED | Data: {
  "origin": "http://localhost:3000"
}
[2025-10-21T05:15:50.737Z] [INFO] [PID:14148] 🌐 INCOMING REQUEST | Data: {
  "requestId": "req_1761023750736_g3ezfgxkq",
  "timestamp": "2025-10-21T05:15:50.736Z",
  "method": "GET",
  "url": "/api/users/profile",
  "originalUrl": "/api/users/profile",
  "ip": "::1",
  "userAgent": "Mozilla/5.0 (Windows NT 10.0; Win64; x64) AppleWebKit/537.36 (KHTML, like Gecko) Chrome/141.0.0.0 Safari/537.36",
  "origin": "http://localhost:3000",
  "referer": "http://localhost:3000/",
  "headers": {
    "host": "localhost:5000",
    "connection": "keep-alive",
    "sec-ch-ua-platform": "\"Windows\"",
    "authorization": "Bearer eyJhbGciOiJIUzI1NiIsInR5cCI6IkpXVCJ9.eyJpZCI6IjY4ZjNkM2ZlODhiZWVlOTkyZDZlZTFmMiIsImlhdCI6MTc2MTAyMjU1MywiZXhwIjoxNzYxNjI3MzUzfQ.J4yTgoXG_8fTUKz-64GSG5vD_7Aydc3R-2FoFZYh6TA",
    "user-agent": "Mozilla/5.0 (Windows NT 10.0; Win64; x64) AppleWebKit/537.36 (KHTML, like Gecko) Chrome/141.0.0.0 Safari/537.36",
    "accept": "application/json, text/plain, */*",
    "sec-ch-ua": "\"Google Chrome\";v=\"141\", \"Not?A_Brand\";v=\"8\", \"Chromium\";v=\"141\"",
    "sec-ch-ua-mobile": "?0",
    "origin": "http://localhost:3000",
    "sec-fetch-site": "same-site",
    "sec-fetch-mode": "cors",
    "sec-fetch-dest": "empty",
    "referer": "http://localhost:3000/",
    "accept-encoding": "gzip, deflate, br, zstd",
    "accept-language": "en-US,en;q=0.9",
    "if-none-match": "W/\"1bd-MkKOdWQ7LzxTNDs5BJuhb9t+FuY\""
  },
  "query": {},
  "params": {}
}
[2025-10-21T05:24:26.083Z] [INFO] [PID:14148] 🌐 CORS CHECK | Data: {
  "origin": "http://localhost:3000",
  "allowedOrigins": [
    "http://localhost:3000",
    "http://localhost:3001",
    "https://shipsarthi.vercel.app",
    "https://shipsarthi-git-main-udditworks-projects.vercel.app",
    "https://www.shipsarthi.com",
    "https://shipsarthi.com"
  ],
  "timestamp": "2025-10-21T05:24:26.083Z"
}
[2025-10-21T05:24:26.084Z] [INFO] [PID:14148] ✅ CORS ALLOWED | Data: {
  "origin": "http://localhost:3000"
}
[2025-10-21T05:24:26.093Z] [INFO] [PID:14148] 🌐 CORS CHECK | Data: {
  "origin": "http://localhost:3000",
  "allowedOrigins": [
    "http://localhost:3000",
    "http://localhost:3001",
    "https://shipsarthi.vercel.app",
    "https://shipsarthi-git-main-udditworks-projects.vercel.app",
    "https://www.shipsarthi.com",
    "https://shipsarthi.com"
  ],
  "timestamp": "2025-10-21T05:24:26.093Z"
}
[2025-10-21T05:24:26.096Z] [INFO] [PID:14148] ✅ CORS ALLOWED | Data: {
  "origin": "http://localhost:3000"
}
[2025-10-21T05:24:26.100Z] [INFO] [PID:14148] 🌐 INCOMING REQUEST | Data: {
  "requestId": "req_1761024266099_lt31ur6af",
  "timestamp": "2025-10-21T05:24:26.099Z",
  "method": "GET",
  "url": "/api/users/profile",
  "originalUrl": "/api/users/profile",
  "ip": "::1",
  "userAgent": "Mozilla/5.0 (Windows NT 10.0; Win64; x64) AppleWebKit/537.36 (KHTML, like Gecko) Chrome/141.0.0.0 Safari/537.36",
  "origin": "http://localhost:3000",
  "referer": "http://localhost:3000/",
  "headers": {
    "host": "localhost:5000",
    "connection": "keep-alive",
    "sec-ch-ua-platform": "\"Windows\"",
    "authorization": "Bearer eyJhbGciOiJIUzI1NiIsInR5cCI6IkpXVCJ9.eyJpZCI6IjY4ZjNkM2ZlODhiZWVlOTkyZDZlZTFmMiIsImlhdCI6MTc2MTAyMjU1MywiZXhwIjoxNzYxNjI3MzUzfQ.J4yTgoXG_8fTUKz-64GSG5vD_7Aydc3R-2FoFZYh6TA",
    "user-agent": "Mozilla/5.0 (Windows NT 10.0; Win64; x64) AppleWebKit/537.36 (KHTML, like Gecko) Chrome/141.0.0.0 Safari/537.36",
    "accept": "application/json, text/plain, */*",
    "sec-ch-ua": "\"Google Chrome\";v=\"141\", \"Not?A_Brand\";v=\"8\", \"Chromium\";v=\"141\"",
    "sec-ch-ua-mobile": "?0",
    "origin": "http://localhost:3000",
    "sec-fetch-site": "same-site",
    "sec-fetch-mode": "cors",
    "sec-fetch-dest": "empty",
    "referer": "http://localhost:3000/",
    "accept-encoding": "gzip, deflate, br, zstd",
    "accept-language": "en-US,en;q=0.9",
    "if-none-match": "W/\"1bd-MkKOdWQ7LzxTNDs5BJuhb9t+FuY\""
  },
  "query": {},
  "params": {}
}
[2025-10-21T05:27:05.774Z] [INFO] [PID:14148] 🌐 CORS CHECK | Data: {
  "origin": "http://localhost:3000",
  "allowedOrigins": [
    "http://localhost:3000",
    "http://localhost:3001",
    "https://shipsarthi.vercel.app",
    "https://shipsarthi-git-main-udditworks-projects.vercel.app",
    "https://www.shipsarthi.com",
    "https://shipsarthi.com"
  ],
  "timestamp": "2025-10-21T05:27:05.774Z"
}
[2025-10-21T05:27:05.784Z] [INFO] [PID:14148] ✅ CORS ALLOWED | Data: {
  "origin": "http://localhost:3000"
}
[2025-10-21T05:27:05.794Z] [INFO] [PID:14148] 🌐 CORS CHECK | Data: {
  "origin": "http://localhost:3000",
  "allowedOrigins": [
    "http://localhost:3000",
    "http://localhost:3001",
    "https://shipsarthi.vercel.app",
    "https://shipsarthi-git-main-udditworks-projects.vercel.app",
    "https://www.shipsarthi.com",
    "https://shipsarthi.com"
  ],
  "timestamp": "2025-10-21T05:27:05.794Z"
}
[2025-10-21T05:27:05.795Z] [INFO] [PID:14148] ✅ CORS ALLOWED | Data: {
  "origin": "http://localhost:3000"
}
[2025-10-21T05:27:05.798Z] [INFO] [PID:14148] 🌐 INCOMING REQUEST | Data: {
  "requestId": "req_1761024425798_0flvzx7vc",
  "timestamp": "2025-10-21T05:27:05.798Z",
  "method": "GET",
  "url": "/api/users/profile",
  "originalUrl": "/api/users/profile",
  "ip": "::1",
  "userAgent": "Mozilla/5.0 (Windows NT 10.0; Win64; x64) AppleWebKit/537.36 (KHTML, like Gecko) Chrome/141.0.0.0 Safari/537.36",
  "origin": "http://localhost:3000",
  "referer": "http://localhost:3000/",
  "headers": {
    "host": "localhost:5000",
    "connection": "keep-alive",
    "sec-ch-ua-platform": "\"Windows\"",
    "authorization": "Bearer eyJhbGciOiJIUzI1NiIsInR5cCI6IkpXVCJ9.eyJpZCI6IjY4ZjNkM2ZlODhiZWVlOTkyZDZlZTFmMiIsImlhdCI6MTc2MTAyMjU1MywiZXhwIjoxNzYxNjI3MzUzfQ.J4yTgoXG_8fTUKz-64GSG5vD_7Aydc3R-2FoFZYh6TA",
    "user-agent": "Mozilla/5.0 (Windows NT 10.0; Win64; x64) AppleWebKit/537.36 (KHTML, like Gecko) Chrome/141.0.0.0 Safari/537.36",
    "accept": "application/json, text/plain, */*",
    "sec-ch-ua": "\"Google Chrome\";v=\"141\", \"Not?A_Brand\";v=\"8\", \"Chromium\";v=\"141\"",
    "sec-ch-ua-mobile": "?0",
    "origin": "http://localhost:3000",
    "sec-fetch-site": "same-site",
    "sec-fetch-mode": "cors",
    "sec-fetch-dest": "empty",
    "referer": "http://localhost:3000/",
    "accept-encoding": "gzip, deflate, br, zstd",
    "accept-language": "en-US,en;q=0.9",
    "if-none-match": "W/\"1bd-MkKOdWQ7LzxTNDs5BJuhb9t+FuY\""
  },
  "query": {},
  "params": {}
}
[2025-10-21T05:31:29.453Z] [INFO] [PID:14148] 🌐 CORS CHECK | Data: {
  "origin": "http://localhost:3000",
  "allowedOrigins": [
    "http://localhost:3000",
    "http://localhost:3001",
    "https://shipsarthi.vercel.app",
    "https://shipsarthi-git-main-udditworks-projects.vercel.app",
    "https://www.shipsarthi.com",
    "https://shipsarthi.com"
  ],
  "timestamp": "2025-10-21T05:31:29.453Z"
}
[2025-10-21T05:31:29.456Z] [INFO] [PID:14148] ✅ CORS ALLOWED | Data: {
  "origin": "http://localhost:3000"
}
[2025-10-21T05:31:29.463Z] [INFO] [PID:14148] 🌐 CORS CHECK | Data: {
  "origin": "http://localhost:3000",
  "allowedOrigins": [
    "http://localhost:3000",
    "http://localhost:3001",
    "https://shipsarthi.vercel.app",
    "https://shipsarthi-git-main-udditworks-projects.vercel.app",
    "https://www.shipsarthi.com",
    "https://shipsarthi.com"
  ],
  "timestamp": "2025-10-21T05:31:29.463Z"
}
[2025-10-21T05:31:29.469Z] [INFO] [PID:14148] ✅ CORS ALLOWED | Data: {
  "origin": "http://localhost:3000"
}
[2025-10-21T05:31:29.475Z] [INFO] [PID:14148] 🌐 CORS CHECK | Data: {
  "origin": "http://localhost:3000",
  "allowedOrigins": [
    "http://localhost:3000",
    "http://localhost:3001",
    "https://shipsarthi.vercel.app",
    "https://shipsarthi-git-main-udditworks-projects.vercel.app",
    "https://www.shipsarthi.com",
    "https://shipsarthi.com"
  ],
  "timestamp": "2025-10-21T05:31:29.475Z"
}
[2025-10-21T05:31:29.481Z] [INFO] [PID:14148] ✅ CORS ALLOWED | Data: {
  "origin": "http://localhost:3000"
}
[2025-10-21T05:31:29.483Z] [INFO] [PID:14148] 🌐 INCOMING REQUEST | Data: {
  "requestId": "req_1761024689483_62u9tqi23",
  "timestamp": "2025-10-21T05:31:29.483Z",
  "method": "GET",
  "url": "/api/users/profile",
  "originalUrl": "/api/users/profile",
  "ip": "::1",
  "userAgent": "Mozilla/5.0 (Windows NT 10.0; Win64; x64) AppleWebKit/537.36 (KHTML, like Gecko) Chrome/141.0.0.0 Safari/537.36",
  "origin": "http://localhost:3000",
  "referer": "http://localhost:3000/",
  "headers": {
    "host": "localhost:5000",
    "connection": "keep-alive",
    "sec-ch-ua-platform": "\"Windows\"",
    "authorization": "Bearer eyJhbGciOiJIUzI1NiIsInR5cCI6IkpXVCJ9.eyJpZCI6IjY4ZjNkM2ZlODhiZWVlOTkyZDZlZTFmMiIsImlhdCI6MTc2MTAyMjU1MywiZXhwIjoxNzYxNjI3MzUzfQ.J4yTgoXG_8fTUKz-64GSG5vD_7Aydc3R-2FoFZYh6TA",
    "user-agent": "Mozilla/5.0 (Windows NT 10.0; Win64; x64) AppleWebKit/537.36 (KHTML, like Gecko) Chrome/141.0.0.0 Safari/537.36",
    "accept": "application/json, text/plain, */*",
    "sec-ch-ua": "\"Google Chrome\";v=\"141\", \"Not?A_Brand\";v=\"8\", \"Chromium\";v=\"141\"",
    "sec-ch-ua-mobile": "?0",
    "origin": "http://localhost:3000",
    "sec-fetch-site": "same-site",
    "sec-fetch-mode": "cors",
    "sec-fetch-dest": "empty",
    "referer": "http://localhost:3000/",
    "accept-encoding": "gzip, deflate, br, zstd",
    "accept-language": "en-US,en;q=0.9",
    "if-none-match": "W/\"1bd-MkKOdWQ7LzxTNDs5BJuhb9t+FuY\""
  },
  "query": {},
  "params": {}
}
[2025-10-21T05:31:29.786Z] [INFO] [PID:14148] 🌐 CORS CHECK | Data: {
  "origin": "http://localhost:3000",
  "allowedOrigins": [
    "http://localhost:3000",
    "http://localhost:3001",
    "https://shipsarthi.vercel.app",
    "https://shipsarthi-git-main-udditworks-projects.vercel.app",
    "https://www.shipsarthi.com",
    "https://shipsarthi.com"
  ],
  "timestamp": "2025-10-21T05:31:29.786Z"
}
[2025-10-21T05:31:29.788Z] [INFO] [PID:14148] ✅ CORS ALLOWED | Data: {
  "origin": "http://localhost:3000"
}
[2025-10-21T05:31:29.792Z] [INFO] [PID:14148] 🌐 INCOMING REQUEST | Data: {
  "requestId": "req_1761024689791_6b9jlqb4z",
  "timestamp": "2025-10-21T05:31:29.791Z",
  "method": "GET",
  "url": "/api/users/profile",
  "originalUrl": "/api/users/profile",
  "ip": "::1",
  "userAgent": "Mozilla/5.0 (Windows NT 10.0; Win64; x64) AppleWebKit/537.36 (KHTML, like Gecko) Chrome/141.0.0.0 Safari/537.36",
  "origin": "http://localhost:3000",
  "referer": "http://localhost:3000/",
  "headers": {
    "host": "localhost:5000",
    "connection": "keep-alive",
    "sec-ch-ua-platform": "\"Windows\"",
    "authorization": "Bearer eyJhbGciOiJIUzI1NiIsInR5cCI6IkpXVCJ9.eyJpZCI6IjY4ZjNkM2ZlODhiZWVlOTkyZDZlZTFmMiIsImlhdCI6MTc2MTAyMjU1MywiZXhwIjoxNzYxNjI3MzUzfQ.J4yTgoXG_8fTUKz-64GSG5vD_7Aydc3R-2FoFZYh6TA",
    "user-agent": "Mozilla/5.0 (Windows NT 10.0; Win64; x64) AppleWebKit/537.36 (KHTML, like Gecko) Chrome/141.0.0.0 Safari/537.36",
    "accept": "application/json, text/plain, */*",
    "sec-ch-ua": "\"Google Chrome\";v=\"141\", \"Not?A_Brand\";v=\"8\", \"Chromium\";v=\"141\"",
    "sec-ch-ua-mobile": "?0",
    "origin": "http://localhost:3000",
    "sec-fetch-site": "same-site",
    "sec-fetch-mode": "cors",
    "sec-fetch-dest": "empty",
    "referer": "http://localhost:3000/",
    "accept-encoding": "gzip, deflate, br, zstd",
    "accept-language": "en-US,en;q=0.9",
    "if-none-match": "W/\"1bd-MkKOdWQ7LzxTNDs5BJuhb9t+FuY\""
  },
  "query": {},
  "params": {}
}
[2025-10-21T05:33:03.038Z] [INFO] [PID:14148] 🌐 CORS CHECK | Data: {
  "origin": "http://localhost:3000",
  "allowedOrigins": [
    "http://localhost:3000",
    "http://localhost:3001",
    "https://shipsarthi.vercel.app",
    "https://shipsarthi-git-main-udditworks-projects.vercel.app",
    "https://www.shipsarthi.com",
    "https://shipsarthi.com"
  ],
  "timestamp": "2025-10-21T05:33:03.038Z"
}
[2025-10-21T05:33:03.039Z] [INFO] [PID:14148] ✅ CORS ALLOWED | Data: {
  "origin": "http://localhost:3000"
}
[2025-10-21T05:33:03.047Z] [INFO] [PID:14148] 🌐 CORS CHECK | Data: {
  "origin": "http://localhost:3000",
  "allowedOrigins": [
    "http://localhost:3000",
    "http://localhost:3001",
    "https://shipsarthi.vercel.app",
    "https://shipsarthi-git-main-udditworks-projects.vercel.app",
    "https://www.shipsarthi.com",
    "https://shipsarthi.com"
  ],
  "timestamp": "2025-10-21T05:33:03.047Z"
}
[2025-10-21T05:33:03.048Z] [INFO] [PID:14148] ✅ CORS ALLOWED | Data: {
  "origin": "http://localhost:3000"
}
[2025-10-21T05:33:03.050Z] [INFO] [PID:14148] 🌐 INCOMING REQUEST | Data: {
  "requestId": "req_1761024783049_ay2zwf32z",
  "timestamp": "2025-10-21T05:33:03.049Z",
  "method": "GET",
  "url": "/api/users/profile",
  "originalUrl": "/api/users/profile",
  "ip": "::1",
  "userAgent": "Mozilla/5.0 (Windows NT 10.0; Win64; x64) AppleWebKit/537.36 (KHTML, like Gecko) Chrome/141.0.0.0 Safari/537.36",
  "origin": "http://localhost:3000",
  "referer": "http://localhost:3000/",
  "headers": {
    "host": "localhost:5000",
    "connection": "keep-alive",
    "sec-ch-ua-platform": "\"Windows\"",
    "authorization": "Bearer eyJhbGciOiJIUzI1NiIsInR5cCI6IkpXVCJ9.eyJpZCI6IjY4ZjNkM2ZlODhiZWVlOTkyZDZlZTFmMiIsImlhdCI6MTc2MTAyMjU1MywiZXhwIjoxNzYxNjI3MzUzfQ.J4yTgoXG_8fTUKz-64GSG5vD_7Aydc3R-2FoFZYh6TA",
    "user-agent": "Mozilla/5.0 (Windows NT 10.0; Win64; x64) AppleWebKit/537.36 (KHTML, like Gecko) Chrome/141.0.0.0 Safari/537.36",
    "accept": "application/json, text/plain, */*",
    "sec-ch-ua": "\"Google Chrome\";v=\"141\", \"Not?A_Brand\";v=\"8\", \"Chromium\";v=\"141\"",
    "sec-ch-ua-mobile": "?0",
    "origin": "http://localhost:3000",
    "sec-fetch-site": "same-site",
    "sec-fetch-mode": "cors",
    "sec-fetch-dest": "empty",
    "referer": "http://localhost:3000/",
    "accept-encoding": "gzip, deflate, br, zstd",
    "accept-language": "en-US,en;q=0.9",
    "if-none-match": "W/\"1bd-MkKOdWQ7LzxTNDs5BJuhb9t+FuY\""
  },
  "query": {},
  "params": {}
}
[2025-10-21T05:35:12.897Z] [INFO] [PID:14148] 🌐 CORS CHECK | Data: {
  "origin": "http://localhost:3000",
  "allowedOrigins": [
    "http://localhost:3000",
    "http://localhost:3001",
    "https://shipsarthi.vercel.app",
    "https://shipsarthi-git-main-udditworks-projects.vercel.app",
    "https://www.shipsarthi.com",
    "https://shipsarthi.com"
  ],
  "timestamp": "2025-10-21T05:35:12.897Z"
}
[2025-10-21T05:35:12.898Z] [INFO] [PID:14148] ✅ CORS ALLOWED | Data: {
  "origin": "http://localhost:3000"
}
[2025-10-21T05:35:12.907Z] [INFO] [PID:14148] 🌐 CORS CHECK | Data: {
  "origin": "http://localhost:3000",
  "allowedOrigins": [
    "http://localhost:3000",
    "http://localhost:3001",
    "https://shipsarthi.vercel.app",
    "https://shipsarthi-git-main-udditworks-projects.vercel.app",
    "https://www.shipsarthi.com",
    "https://shipsarthi.com"
  ],
  "timestamp": "2025-10-21T05:35:12.907Z"
}
[2025-10-21T05:35:12.910Z] [INFO] [PID:14148] ✅ CORS ALLOWED | Data: {
  "origin": "http://localhost:3000"
}
[2025-10-21T05:35:12.918Z] [INFO] [PID:14148] 🌐 CORS CHECK | Data: {
  "origin": "http://localhost:3000",
  "allowedOrigins": [
    "http://localhost:3000",
    "http://localhost:3001",
    "https://shipsarthi.vercel.app",
    "https://shipsarthi-git-main-udditworks-projects.vercel.app",
    "https://www.shipsarthi.com",
    "https://shipsarthi.com"
  ],
  "timestamp": "2025-10-21T05:35:12.918Z"
}
[2025-10-21T05:35:12.920Z] [INFO] [PID:14148] ✅ CORS ALLOWED | Data: {
  "origin": "http://localhost:3000"
}
[2025-10-21T05:35:12.922Z] [INFO] [PID:14148] 🌐 INCOMING REQUEST | Data: {
  "requestId": "req_1761024912922_pxw0280fd",
  "timestamp": "2025-10-21T05:35:12.922Z",
  "method": "GET",
  "url": "/api/users/profile",
  "originalUrl": "/api/users/profile",
  "ip": "::1",
  "userAgent": "Mozilla/5.0 (Windows NT 10.0; Win64; x64) AppleWebKit/537.36 (KHTML, like Gecko) Chrome/141.0.0.0 Safari/537.36",
  "origin": "http://localhost:3000",
  "referer": "http://localhost:3000/",
  "headers": {
    "host": "localhost:5000",
    "connection": "keep-alive",
    "sec-ch-ua-platform": "\"Windows\"",
    "authorization": "Bearer eyJhbGciOiJIUzI1NiIsInR5cCI6IkpXVCJ9.eyJpZCI6IjY4ZjNkM2ZlODhiZWVlOTkyZDZlZTFmMiIsImlhdCI6MTc2MTAyMjU1MywiZXhwIjoxNzYxNjI3MzUzfQ.J4yTgoXG_8fTUKz-64GSG5vD_7Aydc3R-2FoFZYh6TA",
    "user-agent": "Mozilla/5.0 (Windows NT 10.0; Win64; x64) AppleWebKit/537.36 (KHTML, like Gecko) Chrome/141.0.0.0 Safari/537.36",
    "accept": "application/json, text/plain, */*",
    "sec-ch-ua": "\"Google Chrome\";v=\"141\", \"Not?A_Brand\";v=\"8\", \"Chromium\";v=\"141\"",
    "sec-ch-ua-mobile": "?0",
    "origin": "http://localhost:3000",
    "sec-fetch-site": "same-site",
    "sec-fetch-mode": "cors",
    "sec-fetch-dest": "empty",
    "referer": "http://localhost:3000/",
    "accept-encoding": "gzip, deflate, br, zstd",
    "accept-language": "en-US,en;q=0.9",
    "if-none-match": "W/\"1bd-MkKOdWQ7LzxTNDs5BJuhb9t+FuY\""
  },
  "query": {},
  "params": {}
}
[2025-10-21T05:35:14.498Z] [INFO] [PID:14148] 🌐 CORS CHECK | Data: {
  "origin": "http://localhost:3000",
  "allowedOrigins": [
    "http://localhost:3000",
    "http://localhost:3001",
    "https://shipsarthi.vercel.app",
    "https://shipsarthi-git-main-udditworks-projects.vercel.app",
    "https://www.shipsarthi.com",
    "https://shipsarthi.com"
  ],
  "timestamp": "2025-10-21T05:35:14.498Z"
}
[2025-10-21T05:35:14.500Z] [INFO] [PID:14148] ✅ CORS ALLOWED | Data: {
  "origin": "http://localhost:3000"
}
[2025-10-21T05:35:14.502Z] [INFO] [PID:14148] 🌐 INCOMING REQUEST | Data: {
  "requestId": "req_1761024914502_zcfxrzgkx",
  "timestamp": "2025-10-21T05:35:14.502Z",
  "method": "GET",
  "url": "/api/users/profile",
  "originalUrl": "/api/users/profile",
  "ip": "::1",
  "userAgent": "Mozilla/5.0 (Windows NT 10.0; Win64; x64) AppleWebKit/537.36 (KHTML, like Gecko) Chrome/141.0.0.0 Safari/537.36",
  "origin": "http://localhost:3000",
  "referer": "http://localhost:3000/",
  "headers": {
    "host": "localhost:5000",
    "connection": "keep-alive",
    "sec-ch-ua-platform": "\"Windows\"",
    "authorization": "Bearer eyJhbGciOiJIUzI1NiIsInR5cCI6IkpXVCJ9.eyJpZCI6IjY4ZjNkM2ZlODhiZWVlOTkyZDZlZTFmMiIsImlhdCI6MTc2MTAyMjU1MywiZXhwIjoxNzYxNjI3MzUzfQ.J4yTgoXG_8fTUKz-64GSG5vD_7Aydc3R-2FoFZYh6TA",
    "user-agent": "Mozilla/5.0 (Windows NT 10.0; Win64; x64) AppleWebKit/537.36 (KHTML, like Gecko) Chrome/141.0.0.0 Safari/537.36",
    "accept": "application/json, text/plain, */*",
    "sec-ch-ua": "\"Google Chrome\";v=\"141\", \"Not?A_Brand\";v=\"8\", \"Chromium\";v=\"141\"",
    "sec-ch-ua-mobile": "?0",
    "origin": "http://localhost:3000",
    "sec-fetch-site": "same-site",
    "sec-fetch-mode": "cors",
    "sec-fetch-dest": "empty",
    "referer": "http://localhost:3000/",
    "accept-encoding": "gzip, deflate, br, zstd",
    "accept-language": "en-US,en;q=0.9",
    "if-none-match": "W/\"1bd-MkKOdWQ7LzxTNDs5BJuhb9t+FuY\""
  },
  "query": {},
  "params": {}
}
[2025-10-21T06:45:42.463Z] [INFO] [PID:14148] 🌐 CORS - Request with no origin (allowed) | Data: {
  "origin": null
}
[2025-10-21T06:45:42.466Z] [INFO] [PID:14148] 🌐 INCOMING REQUEST | Data: {
  "requestId": "req_1761029142465_ef6w59o9v",
  "timestamp": "2025-10-21T06:45:42.465Z",
  "method": "GET",
  "url": "/api/health",
  "originalUrl": "/api/health",
  "ip": "::1",
  "userAgent": "Mozilla/5.0 (Windows NT; Windows NT 10.0; en-IN) WindowsPowerShell/5.1.22621.4249",
  "headers": {
    "user-agent": "Mozilla/5.0 (Windows NT; Windows NT 10.0; en-IN) WindowsPowerShell/5.1.22621.4249",
    "host": "localhost:5000",
    "connection": "Keep-Alive"
  },
  "query": {},
  "params": {}
}
[2025-10-21T06:45:58.509Z] [INFO] [PID:14148] 🌐 CORS - Request with no origin (allowed) | Data: {
  "origin": null
}
[2025-10-21T06:45:58.512Z] [INFO] [PID:14148] 🌐 INCOMING REQUEST | Data: {
  "requestId": "req_1761029158512_9ghr2yq8e",
  "timestamp": "2025-10-21T06:45:58.512Z",
  "method": "GET",
  "url": "/api/orders",
  "originalUrl": "/api/orders",
  "ip": "::1",
  "userAgent": "Mozilla/5.0 (Windows NT; Windows NT 10.0; en-IN) WindowsPowerShell/5.1.22621.4249",
  "headers": {
    "user-agent": "Mozilla/5.0 (Windows NT; Windows NT 10.0; en-IN) WindowsPowerShell/5.1.22621.4249",
    "host": "localhost:5000",
    "connection": "Keep-Alive"
  },
  "query": {},
  "params": {}
}
[2025-10-21T06:52:25.921Z] [INFO] [PID:14148] 🛑 SIGINT received, shutting down gracefully
