[2025-10-18T15:28:10.011Z] [INFO] [PID:22052] 🚀 Server started | Data: {
  "port": "5000",
  "environment": "development",
  "healthCheck": "http://localhost:5000/api/health"
}
[2025-10-18T15:28:12.456Z] [INFO] [PID:22052] ✅ Connected to MongoDB
[2025-10-18T15:28:17.380Z] [INFO] [PID:22052] 🛑 SIGINT received, shutting down gracefully
[2025-10-18T15:28:50.298Z] [INFO] [PID:18780] 🚀 Server started | Data: {
  "port": "5000",
  "environment": "development",
  "healthCheck": "http://localhost:5000/api/health"
}
[2025-10-18T15:28:51.286Z] [INFO] [PID:18780] ✅ Connected to MongoDB
[2025-10-18T15:35:00.277Z] [INFO] [PID:18780] 🛑 SIGINT received, shutting down gracefully
[2025-10-18T15:35:08.061Z] [INFO] [PID:14948] 🚀 Server started | Data: {
  "port": "5000",
  "environment": "development",
  "healthCheck": "http://localhost:5000/api/health"
}
[2025-10-18T15:35:09.305Z] [INFO] [PID:14948] ✅ Connected to MongoDB
[2025-10-18T17:53:07.700Z] [INFO] [PID:14948] 🛑 SIGINT received, shutting down gracefully
[2025-10-18T17:53:14.132Z] [INFO] [PID:12972] 🚀 Server started | Data: {
  "port": "5000",
  "environment": "development",
  "healthCheck": "http://localhost:5000/api/health"
}
[2025-10-18T17:53:15.888Z] [INFO] [PID:12972] ✅ Connected to MongoDB
[2025-10-18T19:04:00.527Z] [INFO] [PID:12972] Incoming Request | Data: {
  "method": "GET",
  "url": "/api/health",
  "ip": "::1",
  "userAgent": "Mozilla/5.0 (Windows NT; Windows NT 10.0; en-IN) WindowsPowerShell/5.1.22621.4249",
  "query": {},
  "params": {}
}
[2025-10-18T19:04:00.548Z] [INFO] [PID:12972] Request Completed | Data: {
  "method": "GET",
  "url": "/api/health",
  "statusCode": 200,
  "duration": "21ms",
  "ip": "::1"
}
[2025-10-18T19:04:18.481Z] [INFO] [PID:12972] Incoming Request | Data: {
  "method": "POST",
  "url": "/api/auth/register",
  "ip": "::1",
  "userAgent": "Mozilla/5.0 (Windows NT; Windows NT 10.0; en-IN) WindowsPowerShell/5.1.22621.4249",
  "query": {},
  "params": {}
}
[2025-10-18T19:04:18.568Z] [INFO] [PID:12972] Registration attempt started | Data: {
  "ip": "::1",
  "userAgent": "Mozilla/5.0 (Windows NT; Windows NT 10.0; en-IN) WindowsPowerShell/5.1.22621.4249",
  "body": {
    "user_type": "e-commerce-sellers",
    "monthly_shipments": "10-300",
    "company_name": "CORS Test",
    "your_name": "CORS Test",
    "state": "Maharashtra",
    "phone_number": "9876543212",
    "email": "cors-test@example.com",
    "password": "password123",
    "terms_accepted": "true"
  }
}
[2025-10-18T19:04:18.569Z] [DEBUG] [PID:12972] Registration data extracted | Data: {
  "email": "cors-test@example.com",
  "phone_number": "9876543212",
  "company_name": "CORS Test",
  "user_type": "e-commerce-sellers",
  "monthly_shipments": "10-300"
}
[2025-10-18T19:04:18.571Z] [DEBUG] [PID:12972] Checking for existing user | Data: {
  "email": "cors-test@example.com",
  "phone_number": "9876543212"
}
[2025-10-18T19:04:18.670Z] [INFO] [PID:12972] Creating new user | Data: {
  "email": "cors-test@example.com",
  "company_name": "CORS Test",
  "user_type": "e-commerce-sellers"
}
[2025-10-18T19:04:19.344Z] [INFO] [PID:12972] User created successfully | Data: {
  "userId": "68f3e4b23aba0d740de2f9b8",
  "email": "cors-test@example.com",
  "company_name": "CORS Test",
  "client_id": "SS45617"
}
[2025-10-18T19:04:19.350Z] [DEBUG] [PID:12972] JWT token generated | Data: {
  "userId": "68f3e4b23aba0d740de2f9b8"
}
[2025-10-18T19:04:19.351Z] [INFO] [PID:12972] Registration completed successfully | Data: {
  "userId": "68f3e4b23aba0d740de2f9b8",
  "email": "cors-test@example.com",
  "company_name": "CORS Test",
  "responseTime": "783ms"
}
[2025-10-18T19:04:19.354Z] [INFO] [PID:12972] Request Completed | Data: {
  "method": "POST",
  "url": "/api/auth/register",
  "statusCode": 201,
  "duration": "872ms",
  "ip": "::1"
}
[2025-10-18T19:10:48.618Z] [INFO] [PID:12972] 🛑 SIGINT received, shutting down gracefully
[2025-10-18T19:48:48.106Z] [INFO] [PID:7520] 🚀 Server started | Data: {
  "port": "5000",
  "environment": "development",
  "healthCheck": "http://localhost:5000/api/health"
}
[2025-10-18T19:48:50.033Z] [INFO] [PID:7520] ✅ Connected to MongoDB
[2025-10-18T19:48:50.108Z] [INFO] [PID:7520] Email service ready | Data: {
  "message": "Server is ready to take our messages"
}
[2025-10-18T19:49:02.028Z] [INFO] [PID:7520] 🛑 SIGINT received, shutting down gracefully
[2025-10-18T20:03:37.512Z] [INFO] [PID:6828] 🚀 Server started | Data: {
  "port": "5000",
  "environment": "development",
  "healthCheck": "http://localhost:5000/api/health"
}
[2025-10-18T20:03:39.361Z] [INFO] [PID:6828] Email service ready | Data: {
  "message": "Server is ready to take our messages"
}
[2025-10-18T20:03:39.603Z] [INFO] [PID:6828] ✅ Connected to MongoDB
[2025-10-18T20:14:21.706Z] [INFO] [PID:6828] 🛑 SIGINT received, shutting down gracefully
[2025-10-18T20:14:26.668Z] [INFO] [PID:18608] 🚀 Server started | Data: {
  "port": "5000",
  "environment": "development",
  "healthCheck": "http://localhost:5000/api/health"
}
[2025-10-18T20:14:27.592Z] [INFO] [PID:18608] ✅ Connected to MongoDB
[2025-10-18T20:14:28.465Z] [INFO] [PID:18608] Email service ready | Data: {
  "message": "Server is ready to take our messages"
}
[2025-10-18T20:33:22.272Z] [INFO] [PID:18608] 🌐 CORS CHECK | Data: {
  "origin": "http://localhost:3000",
  "allowedOrigins": [
    "http://localhost:3000",
    "http://localhost:3001",
    "https://shipsarthi.vercel.app",
    "https://shipsarthi-git-main-udditworks-projects.vercel.app",
    "https://www.shipsarthi.com",
    "https://shipsarthi.com"
  ],
  "timestamp": "2025-10-18T20:33:22.272Z"
}
[2025-10-18T20:33:22.273Z] [INFO] [PID:18608] ✅ CORS ALLOWED | Data: {
  "origin": "http://localhost:3000"
}
[2025-10-18T20:33:22.283Z] [INFO] [PID:18608] 🌐 CORS CHECK | Data: {
  "origin": "http://localhost:3000",
  "allowedOrigins": [
    "http://localhost:3000",
    "http://localhost:3001",
    "https://shipsarthi.vercel.app",
    "https://shipsarthi-git-main-udditworks-projects.vercel.app",
    "https://www.shipsarthi.com",
    "https://shipsarthi.com"
  ],
  "timestamp": "2025-10-18T20:33:22.283Z"
}
[2025-10-18T20:33:22.284Z] [INFO] [PID:18608] ✅ CORS ALLOWED | Data: {
  "origin": "http://localhost:3000"
}
[2025-10-18T20:33:22.286Z] [INFO] [PID:18608] Incoming Request | Data: {
  "method": "POST",
  "url": "/api/test-cors",
  "ip": "::1",
  "userAgent": "Mozilla/5.0 (Windows NT 10.0; Win64; x64) AppleWebKit/537.36 (KHTML, like Gecko) Chrome/141.0.0.0 Safari/537.36",
  "query": {},
  "params": {}
}
[2025-10-18T20:33:22.322Z] [WARN] [PID:18608] 404 - Route not found | Data: {
  "url": "/api/test-cors",
  "method": "POST",
  "ip": "::1",
  "userAgent": "Mozilla/5.0 (Windows NT 10.0; Win64; x64) AppleWebKit/537.36 (KHTML, like Gecko) Chrome/141.0.0.0 Safari/537.36"
}
[2025-10-18T20:33:22.332Z] [INFO] [PID:18608] Request Completed | Data: {
  "method": "POST",
  "url": "/api/test-cors",
  "statusCode": 404,
  "duration": "46ms",
  "ip": "::1"
}
[2025-10-18T20:38:28.703Z] [INFO] [PID:18608] 🌐 CORS - Request with no origin (allowed) | Data: {
  "origin": null
}
[2025-10-18T20:38:28.704Z] [INFO] [PID:18608] Incoming Request | Data: {
  "method": "GET",
  "url": "/api/health",
  "ip": "::1",
  "userAgent": "Mozilla/5.0 (Windows NT; Windows NT 10.0; en-IN) WindowsPowerShell/5.1.22621.4249",
  "query": {},
  "params": {}
}
[2025-10-18T20:38:28.707Z] [INFO] [PID:18608] Request Completed | Data: {
  "method": "GET",
  "url": "/api/health",
  "statusCode": 200,
  "duration": "3ms",
  "ip": "::1"
}
[2025-10-18T20:46:39.520Z] [INFO] [PID:18608] 🛑 SIGINT received, shutting down gracefully
