[2025-11-29T06:30:24.253Z] [ERROR] [PID:7136] ❌ Error in trackAllShipments: | Data: {
  "errorLabelSet": {},
  "reason": {
    "type": "ReplicaSetNoPrimary",
    "servers": {
      "ac-efpuavo-shard-00-01.sq4227p.mongodb.net:27017": {
        "address": "ac-efpuavo-shard-00-01.sq4227p.mongodb.net:27017",
        "type": "Unknown",
        "hosts": [],
        "passives": [],
        "arbiters": [],
        "tags": {},
        "minWireVersion": 0,
        "maxWireVersion": 0,
        "roundTripTime": -1,
        "minRoundTripTime": 0,
        "lastUpdateTime": 356797681,
        "lastWriteDate": 0,
        "error": {
          "errorLabelSet": {},
          "beforeHandshake": false
        },
        "topologyVersion": null,
        "setName": null,
        "setVersion": null,
        "electionId": null,
        "logicalSessionTimeoutMinutes": null,
        "maxMessageSizeBytes": null,
        "maxWriteBatchSize": null,
        "maxBsonObjectSize": null,
        "primary": null,
        "me": null,
        "$clusterTime": null,
        "iscryptd": false
      },
      "ac-efpuavo-shard-00-02.sq4227p.mongodb.net:27017": {
        "address": "ac-efpuavo-shard-00-02.sq4227p.mongodb.net:27017",
        "type": "Unknown",
        "hosts": [],
        "passives": [],
        "arbiters": [],
        "tags": {},
        "minWireVersion": 0,
        "maxWireVersion": 0,
        "roundTripTime": -1,
        "minRoundTripTime": 0,
        "lastUpdateTime": 356797507,
        "lastWriteDate": 0,
        "error": {
          "errorLabelSet": {},
          "beforeHandshake": false
        },
        "topologyVersion": null,
        "setName": null,
        "setVersion": null,
        "electionId": null,
        "logicalSessionTimeoutMinutes": null,
        "maxMessageSizeBytes": null,
        "maxWriteBatchSize": null,
        "maxBsonObjectSize": null,
        "primary": null,
        "me": null,
        "$clusterTime": null,
        "iscryptd": false
      },
      "ac-efpuavo-shard-00-00.sq4227p.mongodb.net:27017": {
        "address": "ac-efpuavo-shard-00-00.sq4227p.mongodb.net:27017",
        "type": "Unknown",
        "hosts": [],
        "passives": [],
        "arbiters": [],
        "tags": {},
        "minWireVersion": 0,
        "maxWireVersion": 0,
        "roundTripTime": -1,
        "minRoundTripTime": 0,
        "lastUpdateTime": 356797681,
        "lastWriteDate": 0,
        "error": {
          "errorLabelSet": {},
          "beforeHandshake": false
        },
        "topologyVersion": null,
        "setName": null,
        "setVersion": null,
        "electionId": null,
        "logicalSessionTimeoutMinutes": null,
        "maxMessageSizeBytes": null,
        "maxWriteBatchSize": null,
        "maxBsonObjectSize": null,
        "primary": null,
        "me": null,
        "$clusterTime": null,
        "iscryptd": false
      }
    },
    "stale": false,
    "compatible": true,
    "heartbeatFrequencyMS": 10000,
    "localThresholdMS": 15,
    "setName": "atlas-n08s5r-shard-0",
    "maxElectionId": {
      "$oid": "7fffffff000000000000010c"
    },
    "maxSetVersion": 269,
    "commonWireVersion": 0,
    "logicalSessionTimeoutMinutes": null
  }
}
