[2025-11-08T17:25:43.557Z] [ERROR] [PID:21732] Error fetching client details: | Data: {}
[2025-11-08T17:25:44.677Z] [ERROR] [PID:21732] Error fetching client details: | Data: {}
[2025-11-08T17:25:46.788Z] [ERROR] [PID:21732] Error fetching client details: | Data: {}
[2025-11-08T17:25:50.887Z] [ERROR] [PID:21732] Error fetching client details: | Data: {}
[2025-11-08T17:27:51.147Z] [ERROR] [PID:21732] Error fetching client details: | Data: {}
[2025-11-08T17:27:52.261Z] [ERROR] [PID:21732] Error fetching client details: | Data: {}
[2025-11-08T17:27:54.359Z] [ERROR] [PID:21732] Error fetching client details: | Data: {}
[2025-11-08T17:27:58.474Z] [ERROR] [PID:21732] Error fetching client details: | Data: {}
[2025-11-08T17:41:46.212Z] [ERROR] [PID:21732] Error fetching client details: | Data: {}
[2025-11-08T17:41:47.335Z] [ERROR] [PID:21732] Error fetching client details: | Data: {}
[2025-11-08T17:41:49.711Z] [ERROR] [PID:21732] Error fetching client details: | Data: {}
[2025-11-08T17:41:53.806Z] [ERROR] [PID:21732] Error fetching client details: | Data: {}
[2025-11-08T17:49:26.244Z] [ERROR] [PID:21732] Error fetching client details: | Data: {}
[2025-11-08T17:49:27.378Z] [ERROR] [PID:21732] Error fetching client details: | Data: {}
[2025-11-08T17:49:29.506Z] [ERROR] [PID:21732] Error fetching client details: | Data: {}
[2025-11-08T17:49:34.312Z] [ERROR] [PID:21732] Error fetching client details: | Data: {}
[2025-11-08T17:56:51.549Z] [ERROR] [PID:21732] Error fetching client details: | Data: {}
[2025-11-08T17:56:52.632Z] [ERROR] [PID:21732] Error fetching client details: | Data: {}
[2025-11-08T17:56:54.717Z] [ERROR] [PID:21732] Error fetching client details: | Data: {}
[2025-11-08T17:56:58.808Z] [ERROR] [PID:21732] Error fetching client details: | Data: {}
[2025-11-08T18:08:19.464Z] [ERROR] [PID:21732] Error fetching client details: | Data: {}
[2025-11-08T18:08:20.562Z] [ERROR] [PID:21732] Error fetching client details: | Data: {}
[2025-11-08T18:08:22.661Z] [ERROR] [PID:21732] Error fetching client details: | Data: {}
[2025-11-08T18:08:26.764Z] [ERROR] [PID:21732] Error fetching client details: | Data: {}
[2025-11-08T18:18:09.641Z] [ERROR] [PID:21732] Error fetching client details: | Data: {}
[2025-11-08T18:18:10.775Z] [ERROR] [PID:21732] Error fetching client details: | Data: {}
[2025-11-08T18:18:12.898Z] [ERROR] [PID:21732] Error fetching client details: | Data: {}
[2025-11-08T18:18:17.003Z] [ERROR] [PID:21732] Error fetching client details: | Data: {}
[2025-11-08T18:18:24.182Z] [ERROR] [PID:21732] Error fetching client details: | Data: {}
[2025-11-08T18:18:25.289Z] [ERROR] [PID:21732] Error fetching client details: | Data: {}
[2025-11-08T18:18:27.393Z] [ERROR] [PID:21732] Error fetching client details: | Data: {}
[2025-11-08T18:18:31.547Z] [ERROR] [PID:21732] Error fetching client details: | Data: {}
[2025-11-08T18:18:49.107Z] [ERROR] [PID:21732] Error fetching client details: | Data: {}
[2025-11-08T18:18:50.205Z] [ERROR] [PID:21732] Error fetching client details: | Data: {}
[2025-11-08T18:18:52.310Z] [ERROR] [PID:21732] Error fetching client details: | Data: {}
[2025-11-08T18:18:56.434Z] [ERROR] [PID:21732] Error fetching client details: | Data: {}
[2025-11-08T18:36:25.558Z] [ERROR] [PID:21732] Error fetching client details: | Data: {}
[2025-11-08T18:39:05.384Z] [ERROR] [PID:21732] Error fetching client details: | Data: {}
[2025-11-08T18:40:47.241Z] [ERROR] [PID:21732] Error fetching client details: | Data: {}
[2025-11-08T18:40:48.397Z] [ERROR] [PID:21732] Error fetching client details: | Data: {}
[2025-11-08T18:40:50.482Z] [ERROR] [PID:21732] Error fetching client details: | Data: {}
[2025-11-08T18:40:54.581Z] [ERROR] [PID:21732] Error fetching client details: | Data: {}
[2025-11-08T18:50:12.296Z] [ERROR] [PID:21732] Error fetching client details: | Data: {}
[2025-11-08T18:50:14.254Z] [ERROR] [PID:21732] Error fetching client details: | Data: {}
[2025-11-08T18:50:17.261Z] [ERROR] [PID:21732] Error fetching client details: | Data: {}
[2025-11-08T18:50:22.269Z] [ERROR] [PID:21732] Error fetching client details: | Data: {}
[2025-11-08T18:52:25.273Z] [ERROR] [PID:21732] Error fetching client details: | Data: {}
[2025-11-08T18:52:27.256Z] [ERROR] [PID:21732] Error fetching client details: | Data: {}
[2025-11-08T18:52:30.259Z] [ERROR] [PID:21732] Error fetching client details: | Data: {}
[2025-11-08T18:52:35.253Z] [ERROR] [PID:21732] Error fetching client details: | Data: {}
[2025-11-08T18:52:40.272Z] [ERROR] [PID:21732] Error fetching client details: | Data: {}
[2025-11-08T18:52:42.251Z] [ERROR] [PID:21732] Error fetching client details: | Data: {}
[2025-11-08T18:52:45.249Z] [ERROR] [PID:21732] Error fetching client details: | Data: {}
[2025-11-08T18:52:50.262Z] [ERROR] [PID:21732] Error fetching client details: | Data: {}
[2025-11-08T18:52:53.289Z] [ERROR] [PID:21732] Error fetching client details: | Data: {}
[2025-11-08T18:52:55.260Z] [ERROR] [PID:21732] Error fetching client details: | Data: {}
[2025-11-08T18:52:58.250Z] [ERROR] [PID:21732] Error fetching client details: | Data: {}
[2025-11-08T18:53:03.259Z] [ERROR] [PID:21732] Error fetching client details: | Data: {}
[2025-11-08T19:01:21.913Z] [ERROR] [PID:21732] Error fetching client details: | Data: {}
[2025-11-08T19:01:23.014Z] [ERROR] [PID:21732] Error fetching client details: | Data: {}
[2025-11-08T19:01:25.093Z] [ERROR] [PID:21732] Error fetching client details: | Data: {}
[2025-11-08T19:01:29.173Z] [ERROR] [PID:21732] Error fetching client details: | Data: {}
[2025-11-08T19:04:05.787Z] [ERROR] [PID:21732] Error fetching client details: | Data: {}
[2025-11-08T19:04:06.875Z] [ERROR] [PID:21732] Error fetching client details: | Data: {}
[2025-11-08T19:04:08.954Z] [ERROR] [PID:21732] Error fetching client details: | Data: {}
[2025-11-08T19:04:13.040Z] [ERROR] [PID:21732] Error fetching client details: | Data: {}
[2025-11-09T03:55:13.223Z] [ERROR] [PID:28876] Error fetching notifications: | Data: {
  "errorLabelSet": {},
  "reason": {
    "type": "ReplicaSetNoPrimary",
    "servers": {
      "ac-efpuavo-shard-00-01.sq4227p.mongodb.net:27017": {
        "address": "ac-efpuavo-shard-00-01.sq4227p.mongodb.net:27017",
        "type": "Unknown",
        "hosts": [],
        "passives": [],
        "arbiters": [],
        "tags": {},
        "minWireVersion": 0,
        "maxWireVersion": 0,
        "roundTripTime": -1,
        "minRoundTripTime": 0,
        "lastUpdateTime": 360562306,
        "lastWriteDate": 0,
        "error": {
          "errorLabelSet": {},
          "beforeHandshake": false
        },
        "topologyVersion": null,
        "setName": null,
        "setVersion": null,
        "electionId": null,
        "logicalSessionTimeoutMinutes": null,
        "maxMessageSizeBytes": null,
        "maxWriteBatchSize": null,
        "maxBsonObjectSize": null,
        "primary": null,
        "me": null,
        "$clusterTime": null,
        "iscryptd": false
      },
      "ac-efpuavo-shard-00-00.sq4227p.mongodb.net:27017": {
        "address": "ac-efpuavo-shard-00-00.sq4227p.mongodb.net:27017",
        "type": "Unknown",
        "hosts": [],
        "passives": [],
        "arbiters": [],
        "tags": {},
        "minWireVersion": 0,
        "maxWireVersion": 0,
        "roundTripTime": -1,
        "minRoundTripTime": 0,
        "lastUpdateTime": 360562306,
        "lastWriteDate": 0,
        "error": {
          "errorLabelSet": {},
          "beforeHandshake": false
        },
        "topologyVersion": null,
        "setName": null,
        "setVersion": null,
        "electionId": null,
        "logicalSessionTimeoutMinutes": null,
        "maxMessageSizeBytes": null,
        "maxWriteBatchSize": null,
        "maxBsonObjectSize": null,
        "primary": null,
        "me": null,
        "$clusterTime": null,
        "iscryptd": false
      },
      "ac-efpuavo-shard-00-02.sq4227p.mongodb.net:27017": {
        "address": "ac-efpuavo-shard-00-02.sq4227p.mongodb.net:27017",
        "type": "Unknown",
        "hosts": [],
        "passives": [],
        "arbiters": [],
        "tags": {},
        "minWireVersion": 0,
        "maxWireVersion": 0,
        "roundTripTime": -1,
        "minRoundTripTime": 0,
        "lastUpdateTime": 360562307,
        "lastWriteDate": 0,
        "error": {
          "errorLabelSet": {},
          "beforeHandshake": false
        },
        "topologyVersion": null,
        "setName": null,
        "setVersion": null,
        "electionId": null,
        "logicalSessionTimeoutMinutes": null,
        "maxMessageSizeBytes": null,
        "maxWriteBatchSize": null,
        "maxBsonObjectSize": null,
        "primary": null,
        "me": null,
        "$clusterTime": null,
        "iscryptd": false
      }
    },
    "stale": false,
    "compatible": true,
    "heartbeatFrequencyMS": 10000,
    "localThresholdMS": 15,
    "setName": "atlas-n08s5r-shard-0",
    "maxElectionId": {
      "$oid": "7fffffff0000000000000107"
    },
    "maxSetVersion": 269,
    "commonWireVersion": 0,
    "logicalSessionTimeoutMinutes": null
  }
}
[2025-11-09T03:55:20.591Z] [ERROR] [PID:28876] Error fetching notifications: | Data: {
  "errorLabelSet": {},
  "reason": {
    "type": "ReplicaSetNoPrimary",
    "servers": {
      "ac-efpuavo-shard-00-01.sq4227p.mongodb.net:27017": {
        "address": "ac-efpuavo-shard-00-01.sq4227p.mongodb.net:27017",
        "type": "Unknown",
        "hosts": [],
        "passives": [],
        "arbiters": [],
        "tags": {},
        "minWireVersion": 0,
        "maxWireVersion": 0,
        "roundTripTime": -1,
        "minRoundTripTime": 0,
        "lastUpdateTime": 360582971,
        "lastWriteDate": 0,
        "error": {
          "errorLabelSet": {},
          "beforeHandshake": false
        },
        "topologyVersion": null,
        "setName": null,
        "setVersion": null,
        "electionId": null,
        "logicalSessionTimeoutMinutes": null,
        "maxMessageSizeBytes": null,
        "maxWriteBatchSize": null,
        "maxBsonObjectSize": null,
        "primary": null,
        "me": null,
        "$clusterTime": null,
        "iscryptd": false
      },
      "ac-efpuavo-shard-00-00.sq4227p.mongodb.net:27017": {
        "address": "ac-efpuavo-shard-00-00.sq4227p.mongodb.net:27017",
        "type": "Unknown",
        "hosts": [],
        "passives": [],
        "arbiters": [],
        "tags": {},
        "minWireVersion": 0,
        "maxWireVersion": 0,
        "roundTripTime": -1,
        "minRoundTripTime": 0,
        "lastUpdateTime": 360582968,
        "lastWriteDate": 0,
        "error": {
          "errorLabelSet": {},
          "beforeHandshake": false
        },
        "topologyVersion": null,
        "setName": null,
        "setVersion": null,
        "electionId": null,
        "logicalSessionTimeoutMinutes": null,
        "maxMessageSizeBytes": null,
        "maxWriteBatchSize": null,
        "maxBsonObjectSize": null,
        "primary": null,
        "me": null,
        "$clusterTime": null,
        "iscryptd": false
      },
      "ac-efpuavo-shard-00-02.sq4227p.mongodb.net:27017": {
        "address": "ac-efpuavo-shard-00-02.sq4227p.mongodb.net:27017",
        "type": "Unknown",
        "hosts": [],
        "passives": [],
        "arbiters": [],
        "tags": {},
        "minWireVersion": 0,
        "maxWireVersion": 0,
        "roundTripTime": -1,
        "minRoundTripTime": 0,
        "lastUpdateTime": 360562307,
        "lastWriteDate": 0,
        "error": {
          "errorLabelSet": {},
          "beforeHandshake": false
        },
        "topologyVersion": null,
        "setName": null,
        "setVersion": null,
        "electionId": null,
        "logicalSessionTimeoutMinutes": null,
        "maxMessageSizeBytes": null,
        "maxWriteBatchSize": null,
        "maxBsonObjectSize": null,
        "primary": null,
        "me": null,
        "$clusterTime": null,
        "iscryptd": false
      }
    },
    "stale": false,
    "compatible": true,
    "heartbeatFrequencyMS": 10000,
    "localThresholdMS": 15,
    "setName": "atlas-n08s5r-shard-0",
    "maxElectionId": {
      "$oid": "7fffffff0000000000000107"
    },
    "maxSetVersion": 269,
    "commonWireVersion": 0,
    "logicalSessionTimeoutMinutes": null
  }
}
[2025-11-09T03:55:29.028Z] [ERROR] [PID:28876] Error fetching notifications: | Data: {
  "errorLabelSet": {},
  "reason": {
    "type": "ReplicaSetNoPrimary",
    "servers": {
      "ac-efpuavo-shard-00-01.sq4227p.mongodb.net:27017": {
        "address": "ac-efpuavo-shard-00-01.sq4227p.mongodb.net:27017",
        "type": "Unknown",
        "hosts": [],
        "passives": [],
        "arbiters": [],
        "tags": {},
        "minWireVersion": 0,
        "maxWireVersion": 0,
        "roundTripTime": -1,
        "minRoundTripTime": 0,
        "lastUpdateTime": 360582971,
        "lastWriteDate": 0,
        "error": {
          "errorLabelSet": {},
          "beforeHandshake": false
        },
        "topologyVersion": null,
        "setName": null,
        "setVersion": null,
        "electionId": null,
        "logicalSessionTimeoutMinutes": null,
        "maxMessageSizeBytes": null,
        "maxWriteBatchSize": null,
        "maxBsonObjectSize": null,
        "primary": null,
        "me": null,
        "$clusterTime": null,
        "iscryptd": false
      },
      "ac-efpuavo-shard-00-00.sq4227p.mongodb.net:27017": {
        "address": "ac-efpuavo-shard-00-00.sq4227p.mongodb.net:27017",
        "type": "Unknown",
        "hosts": [],
        "passives": [],
        "arbiters": [],
        "tags": {},
        "minWireVersion": 0,
        "maxWireVersion": 0,
        "roundTripTime": -1,
        "minRoundTripTime": 0,
        "lastUpdateTime": 360582968,
        "lastWriteDate": 0,
        "error": {
          "errorLabelSet": {},
          "beforeHandshake": false
        },
        "topologyVersion": null,
        "setName": null,
        "setVersion": null,
        "electionId": null,
        "logicalSessionTimeoutMinutes": null,
        "maxMessageSizeBytes": null,
        "maxWriteBatchSize": null,
        "maxBsonObjectSize": null,
        "primary": null,
        "me": null,
        "$clusterTime": null,
        "iscryptd": false
      },
      "ac-efpuavo-shard-00-02.sq4227p.mongodb.net:27017": {
        "address": "ac-efpuavo-shard-00-02.sq4227p.mongodb.net:27017",
        "type": "Unknown",
        "hosts": [],
        "passives": [],
        "arbiters": [],
        "tags": {},
        "minWireVersion": 0,
        "maxWireVersion": 0,
        "roundTripTime": -1,
        "minRoundTripTime": 0,
        "lastUpdateTime": 360562307,
        "lastWriteDate": 0,
        "error": {
          "errorLabelSet": {},
          "beforeHandshake": false
        },
        "topologyVersion": null,
        "setName": null,
        "setVersion": null,
        "electionId": null,
        "logicalSessionTimeoutMinutes": null,
        "maxMessageSizeBytes": null,
        "maxWriteBatchSize": null,
        "maxBsonObjectSize": null,
        "primary": null,
        "me": null,
        "$clusterTime": null,
        "iscryptd": false
      }
    },
    "stale": false,
    "compatible": true,
    "heartbeatFrequencyMS": 10000,
    "localThresholdMS": 15,
    "setName": "atlas-n08s5r-shard-0",
    "maxElectionId": {
      "$oid": "7fffffff0000000000000107"
    },
    "maxSetVersion": 269,
    "commonWireVersion": 0,
    "logicalSessionTimeoutMinutes": null
  }
}
